%EventDef PajeDefineContainerType 0
% Name string
% Type string
% Alias string
%EndEventDef
%EventDef PajeDefineStateType 1
% Name string
% Type string
% Alias string
%EndEventDef
%EventDef PajeDefineEventType 2
% Name string
% Type string
% Alias string
%EndEventDef
%EventDef PajeDefineVariableType 3
% Name string
% Type string
% Color color
% Alias string
%EndEventDef
%EventDef PajeDefineLinkType 4
% Name string
% Type string
% StartContainerType string
% EndContainerType string
% Alias string
%EndEventDef
%EventDef PajeDefineEntityValue 5
% Type string
% Name string
% Color color
% Alias string
%EndEventDef
%EventDef PajeCreateContainer 7
% Time date
% Name string
% Type string
% Container string
% Alias string
%EndEventDef
%EventDef PajeDestroyContainer 8
% Time date
% Name string
% Type string
%EndEventDef
%EventDef PajeSetState 10
% Time date
% Type string
% Container string
% Value string
%EndEventDef
%EventDef PajePushState 11
% Time date
% Type string
% Container string
% Value string
%EndEventDef
%EventDef PajePushState 14
% Time date
% Type string
% Container string
% Value string
% Extra string
%EndEventDef
%EventDef PajePopState 12
% Time date
% Type string
% Container string
%EndEventDef
%EventDef PajeResetState 13
% Time date
% Type string
% Container string
%EndEventDef
%EventDef PajeNewEvent 20
% Time date
% Type string
% Container string
% Value string
%EndEventDef
%EventDef PajeSetVariable 30
% Time date
% Type string
% Container string
% Value double
%EndEventDef
%EventDef PajeAddVariable 31
% Time date
% Type string
% Container string
% Value double
%EndEventDef
%EventDef PajeSubVariable 32
% Time date
% Type string
% Container string
% Value double
%EndEventDef
%EventDef PajeStartLink 40
% Time date
% Type string
% Container string
% StartContainer string
% Value string
% Key string
%EndEventDef
%EventDef PajeEndLink 41
% Time date
% Type string
% Container string
% EndContainer string
% Value string
% Key string
%EndEventDef
0 "Program" "0" "CT_Program"
0 "Process" "CT_Program" "CT_Process"
0 "Thread" "CT_Process" "CT_Thread"
1 "Program state" "CT_Program" "ST_Program"
1 "Process state" "CT_Process" "ST_Process"
1 "Thread state" "CT_Thread" "ST_Thread"
1 "User state" "CT_Thread" "ST_User"
5 "ST_Thread" "EZTrace Flush" "1.0 1.0 1.0" "STV_FLUSH"
5 "ST_Thread" "Blocked" "1.0 0.0 0.0" "STV_Blocked"
5 "ST_Thread" "Working" "0.0 0.0 1.0" "STV_Working"
5 "ST_Thread" "Critical Section" "0.0 1.0 0.0" "STV_Critical"
5 "ST_User" "User Event" "0.0 1.0 0.0" "STV_User_Event_Green"
5 "ST_User" "User Event" "1.0 0.0 0.0" "STV_User_Event_Red"
5 "ST_User" "User Event" "0.1 0.5 0.8" "STV_User_Event_Blue"
5 "ST_User" "User Event" "1.0 1.0 0.0" "STV_User_Event_Yellow"
5 "ST_User" "User Event" "1.0 0.0 1.0" "STV_User_Event_Pink"
5 "ST_Thread" "EZTrace synchronization" "1.0 1.0 1.0" "STV_EZTRACE_SYNC"
2 "User Event" "CT_Thread" "E_UserEvent"
2 "SIGNAL Received" "CT_Thread" "E_SigSegv"
3 "Current CPU" "CT_Thread" "0 0 0" "V_CURCPU"
5 "ST_Thread" "stdio_read" "0.0 0.0 0.0" "stdio_read"
5 "ST_Thread" "stdio_pread" "0.0 0.0 0.0" "stdio_pread"
5 "ST_Thread" "stdio_readv" "0.0 0.0 0.0" "stdio_readv"
5 "ST_Thread" "stdio_fread" "0.0 0.0 0.0" "stdio_fread"
5 "ST_Thread" "stdio_write" "0.0 0.0 0.0" "stdio_write"
5 "ST_Thread" "stdio_pwrite" "0.0 0.0 0.0" "stdio_pwrite"
5 "ST_Thread" "stdio_writev" "0.0 0.0 0.0" "stdio_writev"
5 "ST_Thread" "stdio_fwrite" "0.0 0.0 0.0" "stdio_fwrite"
5 "ST_Thread" "stdio_select" "0.0 0.0 0.0" "stdio_select"
5 "ST_Thread" "stdio_pselect" "0.0 0.0 0.0" "stdio_pselect"
5 "ST_Thread" "stdio_lseek" "0.0 0.0 0.0" "stdio_lseek"
5 "ST_Thread" "stdio_poll" "0.0 0.0 0.0" "stdio_poll"
5 "ST_Thread" "stdio_ppoll" "0.0 0.0 0.0" "stdio_ppoll"
2 "SemPost" "CT_Thread" "E_SemPost"
2 "SemWait done" "CT_Thread" "E_SemWait_Done"
2 "Mutex Lock" "CT_Thread" "E_Mutex_Lock"
2 "Mutex Unlock" "CT_Thread" "E_Mutex_Unlock"
2 "Cond Signal" "CT_Thread" "E_CondSignal"
2 "Waiting for a lock" "CT_Thread" "E_LockStart"
2 "Lock acquired" "CT_Thread" "E_LockStop"
5 "ST_Thread" "Blocked on a semaphore" "1.0 0.0 0.0" "STV_Blocked_sem"
5 "ST_Thread" "Blocked on a spinlock" "1.0 0.0 0.0" "STV_Blocked_spin"
5 "ST_Thread" "Blocked on a mutex" "1.0 0.0 0.0" "STV_Blocked_mutex"
5 "ST_Thread" "Blocked on a condition" "1.0 0.0 0.0" "STV_Blocked_condition"
5 "ST_Thread" "Blocked on a rwlock" "1.0 0.0 0.0" "STV_Blocked_rwlock"
5 "ST_Thread" "Blocked on a barrier" "1.0 0.0 0.0" "STV_Blocked_barrier"
5 "ST_Thread" "Critical Section (semaphore)" "0.0 1.0 0.0" "STV_Critical_sem"
5 "ST_Thread" "Critical Section (spinlock)" "0.0 1.0 0.0" "STV_Critical_spin"
5 "ST_Thread" "Critical Section (mutex)" "0.0 1.0 0.0" "STV_Critical_mutex"
5 "ST_Thread" "Critical Section (condition)" "0.0 1.0 0.0" "STV_Critical_condition"
5 "ST_Thread" "Critical Section (rwlock)" "0.0 1.0 0.0" "STV_Critical_rwlock"
4 "OpenMP Parallel Section" "CT_Program" "CT_Thread" "CT_Thread" "GOMP_Section_Link"
5 "ST_Thread" "GOMP_Section_State" "1.0 0.0 1.0" "GOMP_Section_State"
5 "ST_Thread" "GOMP_Critical" "0.0 1.0 0.0" "GOMP_Critical"
5 "ST_Thread" "GOMP_Atomic" "0.0 1.0 0.0" "GOMP_Atomic"
5 "ST_Thread" "GOMP_Barrier" "1.0 0.6 0.0" "GOMP_Barrier"
5 "ST_Thread" "GOMP_Implicit_Barrier" "1.0 0.0 0.0" "GOMP_Implicit_Barrier"
5 "ST_Thread" "GOMP_For" "0.8 0.8 0.8" "GOMP_For"
5 "ST_Thread" "GOMP_Master" "1.0 1.0 1.0" "GOMP_Master"
5 "ST_Thread" "Blocked on an OpenMP lock" "1.0 0.0 0.0" "STV_GOMP_Lock"
5 "ST_Thread" "Holding an OpenMP lock" "0.0 1.0 0.0" "STV_GOMP_Locked"
5 "ST_Thread" "Blocked on an OpenMP nested lock" "1.0 0.0 0.0" "STV_GOMP_NLock"
5 "ST_Thread" "Holding an OpenMP nested lock" "0.0 1.0 0.0" "STV_GOMP_NLocked"
5 "ST_Thread" "GOMP_TaskWait" "1.0 0.6 0.0" "GOMP_TaskWait"
5 "ST_Thread" "GOMP_Task" "1.0 1.0 1.0" "GOMP_Task"
5 "ST_Thread" "GOMP_Untied_Task" "0.0 1.0 1.0" "GOMP_Untied_Task"
5 "ST_Thread" "Creating an OpenMP Task" "0.3 0.4 0.1" "GOMP_Task_Create"
5 "ST_Thread" "Creating an OpenMP Task" "0.1 0.5 0.8" "GOMP_Untied_Task_Create"
3 "Memory used" "CT_Process" "0 0 0" "V_Mem"
7 0.0000000000000e+00 "Program" "CT_Program" 0 "C_Prog"
7 0.0000000000000e+00 "P#0" "CT_Process" "C_Prog" "P#0"
7 0.0000000000000e+00 "P#0_T#2859222880" "CT_Thread" "P#0" "P#0_T#2859222880"
10 0.0000000000000e+00 "ST_Thread" "P#0_T#2859222880" "STV_Working"
40 6.7077441406250e+03 "GOMP_Section_Link" "C_Prog" "P#0_T#2859222880" "p#0_section#0_thread#0" "0_0_0"
41 6.7077622970000e+03 "GOMP_Section_Link" "C_Prog" "P#0_T#2859222880" "p#0_section#0_thread#0" "0_0_0"
11 6.7077622970000e+03 "ST_Thread" "P#0_T#2859222880" "GOMP_Section_State"
11 6.7077666600000e+03 "ST_Thread" "P#0_T#2859222880" "GOMP_Master"
12 3.6877111221000e+04 "ST_Thread" "P#0_T#2859222880"
11 3.6877112192000e+04 "ST_Thread" "P#0_T#2859222880" "GOMP_Barrier"
12 3.6877116502000e+04 "ST_Thread" "P#0_T#2859222880"
11 3.6877116923000e+04 "ST_Thread" "P#0_T#2859222880" "GOMP_Implicit_Barrier"
12 3.6877117422000e+04 "ST_Thread" "P#0_T#2859222880"
40 3.6877117938000e+04 "GOMP_Section_Link" "C_Prog" "P#0_T#2859222880" "p#0_section#0_thread#0" "0_0_0_end"
41 3.6877117938000e+04 "GOMP_Section_Link" "C_Prog" "P#0_T#2859222880" "p#0_section#0_thread#0" "0_0_0_end"
12 3.6877117938000e+04 "ST_Thread" "P#0_T#2859222880"
40 4.1460941406250e+04 "GOMP_Section_Link" "C_Prog" "P#0_T#2859222880" "p#0_section#1_thread#11" "0_1_11"
40 4.1460941406250e+04 "GOMP_Section_Link" "C_Prog" "P#0_T#2859222880" "p#0_section#1_thread#2" "0_1_2"
40 4.1460941406250e+04 "GOMP_Section_Link" "C_Prog" "P#0_T#2859222880" "p#0_section#1_thread#7" "0_1_7"
40 4.1460941406250e+04 "GOMP_Section_Link" "C_Prog" "P#0_T#2859222880" "p#0_section#1_thread#5" "0_1_5"
40 4.1460941406250e+04 "GOMP_Section_Link" "C_Prog" "P#0_T#2859222880" "p#0_section#1_thread#4" "0_1_4"
40 4.1460941406250e+04 "GOMP_Section_Link" "C_Prog" "P#0_T#2859222880" "p#0_section#1_thread#8" "0_1_8"
40 4.1460941406250e+04 "GOMP_Section_Link" "C_Prog" "P#0_T#2859222880" "p#0_section#1_thread#6" "0_1_6"
40 4.1460941406250e+04 "GOMP_Section_Link" "C_Prog" "P#0_T#2859222880" "p#0_section#1_thread#13" "0_1_13"
40 4.1460941406250e+04 "GOMP_Section_Link" "C_Prog" "P#0_T#2859222880" "p#0_section#1_thread#10" "0_1_10"
40 4.1460941406250e+04 "GOMP_Section_Link" "C_Prog" "P#0_T#2859222880" "p#0_section#1_thread#34" "0_1_34"
40 4.1460941406250e+04 "GOMP_Section_Link" "C_Prog" "P#0_T#2859222880" "p#0_section#1_thread#12" "0_1_12"
40 4.1460941406250e+04 "GOMP_Section_Link" "C_Prog" "P#0_T#2859222880" "p#0_section#1_thread#30" "0_1_30"
40 4.1460941406250e+04 "GOMP_Section_Link" "C_Prog" "P#0_T#2859222880" "p#0_section#1_thread#46" "0_1_46"
40 4.1460941406250e+04 "GOMP_Section_Link" "C_Prog" "P#0_T#2859222880" "p#0_section#1_thread#36" "0_1_36"
40 4.1460941406250e+04 "GOMP_Section_Link" "C_Prog" "P#0_T#2859222880" "p#0_section#1_thread#26" "0_1_26"
40 4.1460941406250e+04 "GOMP_Section_Link" "C_Prog" "P#0_T#2859222880" "p#0_section#1_thread#38" "0_1_38"
40 4.1460941406250e+04 "GOMP_Section_Link" "C_Prog" "P#0_T#2859222880" "p#0_section#1_thread#33" "0_1_33"
40 4.1460941406250e+04 "GOMP_Section_Link" "C_Prog" "P#0_T#2859222880" "p#0_section#1_thread#42" "0_1_42"
40 4.1460941406250e+04 "GOMP_Section_Link" "C_Prog" "P#0_T#2859222880" "p#0_section#1_thread#14" "0_1_14"
40 4.1460941406250e+04 "GOMP_Section_Link" "C_Prog" "P#0_T#2859222880" "p#0_section#1_thread#47" "0_1_47"
40 4.1460941406250e+04 "GOMP_Section_Link" "C_Prog" "P#0_T#2859222880" "p#0_section#1_thread#44" "0_1_44"
40 4.1460941406250e+04 "GOMP_Section_Link" "C_Prog" "P#0_T#2859222880" "p#0_section#1_thread#0" "0_1_0"
40 4.1460941406250e+04 "GOMP_Section_Link" "C_Prog" "P#0_T#2859222880" "p#0_section#1_thread#17" "0_1_17"
40 4.1460941406250e+04 "GOMP_Section_Link" "C_Prog" "P#0_T#2859222880" "p#0_section#1_thread#54" "0_1_54"
40 4.1460941406250e+04 "GOMP_Section_Link" "C_Prog" "P#0_T#2859222880" "p#0_section#1_thread#51" "0_1_51"
40 4.1460941406250e+04 "GOMP_Section_Link" "C_Prog" "P#0_T#2859222880" "p#0_section#1_thread#23" "0_1_23"
40 4.1460941406250e+04 "GOMP_Section_Link" "C_Prog" "P#0_T#2859222880" "p#0_section#1_thread#43" "0_1_43"
40 4.1460941406250e+04 "GOMP_Section_Link" "C_Prog" "P#0_T#2859222880" "p#0_section#1_thread#52" "0_1_52"
40 4.1460941406250e+04 "GOMP_Section_Link" "C_Prog" "P#0_T#2859222880" "p#0_section#1_thread#31" "0_1_31"
40 4.1460941406250e+04 "GOMP_Section_Link" "C_Prog" "P#0_T#2859222880" "p#0_section#1_thread#29" "0_1_29"
40 4.1460941406250e+04 "GOMP_Section_Link" "C_Prog" "P#0_T#2859222880" "p#0_section#1_thread#53" "0_1_53"
40 4.1460941406250e+04 "GOMP_Section_Link" "C_Prog" "P#0_T#2859222880" "p#0_section#1_thread#35" "0_1_35"
40 4.1460941406250e+04 "GOMP_Section_Link" "C_Prog" "P#0_T#2859222880" "p#0_section#1_thread#37" "0_1_37"
40 4.1460941406250e+04 "GOMP_Section_Link" "C_Prog" "P#0_T#2859222880" "p#0_section#1_thread#40" "0_1_40"
40 4.1460941406250e+04 "GOMP_Section_Link" "C_Prog" "P#0_T#2859222880" "p#0_section#1_thread#22" "0_1_22"
40 4.1460941406250e+04 "GOMP_Section_Link" "C_Prog" "P#0_T#2859222880" "p#0_section#1_thread#16" "0_1_16"
40 4.1460941406250e+04 "GOMP_Section_Link" "C_Prog" "P#0_T#2859222880" "p#0_section#1_thread#48" "0_1_48"
40 4.1460941406250e+04 "GOMP_Section_Link" "C_Prog" "P#0_T#2859222880" "p#0_section#1_thread#49" "0_1_49"
40 4.1460941406250e+04 "GOMP_Section_Link" "C_Prog" "P#0_T#2859222880" "p#0_section#1_thread#19" "0_1_19"
40 4.1460941406250e+04 "GOMP_Section_Link" "C_Prog" "P#0_T#2859222880" "p#0_section#1_thread#25" "0_1_25"
40 4.1460941406250e+04 "GOMP_Section_Link" "C_Prog" "P#0_T#2859222880" "p#0_section#1_thread#20" "0_1_20"
40 4.1460941406250e+04 "GOMP_Section_Link" "C_Prog" "P#0_T#2859222880" "p#0_section#1_thread#55" "0_1_55"
40 4.1460941406250e+04 "GOMP_Section_Link" "C_Prog" "P#0_T#2859222880" "p#0_section#1_thread#27" "0_1_27"
40 4.1460941406250e+04 "GOMP_Section_Link" "C_Prog" "P#0_T#2859222880" "p#0_section#1_thread#41" "0_1_41"
40 4.1460941406250e+04 "GOMP_Section_Link" "C_Prog" "P#0_T#2859222880" "p#0_section#1_thread#24" "0_1_24"
40 4.1460941406250e+04 "GOMP_Section_Link" "C_Prog" "P#0_T#2859222880" "p#0_section#1_thread#32" "0_1_32"
40 4.1460941406250e+04 "GOMP_Section_Link" "C_Prog" "P#0_T#2859222880" "p#0_section#1_thread#50" "0_1_50"
40 4.1460941406250e+04 "GOMP_Section_Link" "C_Prog" "P#0_T#2859222880" "p#0_section#1_thread#3" "0_1_3"
40 4.1460941406250e+04 "GOMP_Section_Link" "C_Prog" "P#0_T#2859222880" "p#0_section#1_thread#9" "0_1_9"
40 4.1460941406250e+04 "GOMP_Section_Link" "C_Prog" "P#0_T#2859222880" "p#0_section#1_thread#45" "0_1_45"
40 4.1460941406250e+04 "GOMP_Section_Link" "C_Prog" "P#0_T#2859222880" "p#0_section#1_thread#28" "0_1_28"
40 4.1460941406250e+04 "GOMP_Section_Link" "C_Prog" "P#0_T#2859222880" "p#0_section#1_thread#18" "0_1_18"
40 4.1460941406250e+04 "GOMP_Section_Link" "C_Prog" "P#0_T#2859222880" "p#0_section#1_thread#39" "0_1_39"
40 4.1460941406250e+04 "GOMP_Section_Link" "C_Prog" "P#0_T#2859222880" "p#0_section#1_thread#1" "0_1_1"
40 4.1460941406250e+04 "GOMP_Section_Link" "C_Prog" "P#0_T#2859222880" "p#0_section#1_thread#15" "0_1_15"
40 4.1460941406250e+04 "GOMP_Section_Link" "C_Prog" "P#0_T#2859222880" "p#0_section#1_thread#21" "0_1_21"
11 4.1460966097000e+04 "ST_Thread" "P#0_T#2859222880" "STV_Blocked"
12 4.1461018927000e+04 "ST_Thread" "P#0_T#2859222880"
11 4.1461019840000e+04 "ST_Thread" "P#0_T#2859222880" "STV_Blocked"
12 4.1461051557000e+04 "ST_Thread" "P#0_T#2859222880"
11 4.1461052770000e+04 "ST_Thread" "P#0_T#2859222880" "STV_Blocked"
12 4.1461082533000e+04 "ST_Thread" "P#0_T#2859222880"
11 4.1461083493000e+04 "ST_Thread" "P#0_T#2859222880" "STV_Blocked"
7 4.1473105105000e+04 "P#0_T#3324278528" "CT_Thread" "P#0" "P#0_T#3324278528"
10 4.1473105105000e+04 "ST_Thread" "P#0_T#3324278528" "STV_Working"
7 4.1484572963000e+04 "P#0_T#3315885824" "CT_Thread" "P#0" "P#0_T#3315885824"
10 4.1484572963000e+04 "ST_Thread" "P#0_T#3315885824" "STV_Working"
12 4.1496248371000e+04 "ST_Thread" "P#0_T#2859222880"
11 4.1496250171000e+04 "ST_Thread" "P#0_T#2859222880" "STV_Blocked"
12 4.1496286727000e+04 "ST_Thread" "P#0_T#2859222880"
11 4.1496288404000e+04 "ST_Thread" "P#0_T#2859222880" "STV_Blocked"
7 4.1496437978000e+04 "P#0_T#3307493120" "CT_Thread" "P#0" "P#0_T#3307493120"
10 4.1496437978000e+04 "ST_Thread" "P#0_T#3307493120" "STV_Working"
7 4.1508619012000e+04 "P#0_T#3282319104" "CT_Thread" "P#0" "P#0_T#3282319104"
10 4.1508619012000e+04 "ST_Thread" "P#0_T#3282319104" "STV_Working"
12 4.1520685298000e+04 "ST_Thread" "P#0_T#2859222880"
11 4.1520687322000e+04 "ST_Thread" "P#0_T#2859222880" "STV_Blocked"
12 4.1520718048000e+04 "ST_Thread" "P#0_T#2859222880"
11 4.1520718815000e+04 "ST_Thread" "P#0_T#2859222880" "STV_Blocked"
7 4.1520864767000e+04 "P#0_T#3240363776" "CT_Thread" "P#0" "P#0_T#3240363776"
10 4.1520864767000e+04 "ST_Thread" "P#0_T#3240363776" "STV_Working"
12 4.1532164615000e+04 "ST_Thread" "P#0_T#2859222880"
11 4.1532166921000e+04 "ST_Thread" "P#0_T#2859222880" "STV_Blocked"
7 4.1532327590000e+04 "P#0_T#3215189760" "CT_Thread" "P#0" "P#0_T#3215189760"
10 4.1532327590000e+04 "ST_Thread" "P#0_T#3215189760" "STV_Working"
7 4.1544061174000e+04 "P#0_T#3190015744" "CT_Thread" "P#0" "P#0_T#3190015744"
10 4.1544061174000e+04 "ST_Thread" "P#0_T#3190015744" "STV_Working"
12 4.1555587723000e+04 "ST_Thread" "P#0_T#2859222880"
11 4.1555589607000e+04 "ST_Thread" "P#0_T#2859222880" "STV_Blocked"
12 4.1555623447000e+04 "ST_Thread" "P#0_T#2859222880"
11 4.1555624703000e+04 "ST_Thread" "P#0_T#2859222880" "STV_Blocked"
7 4.1555753283000e+04 "P#0_T#3181623040" "CT_Thread" "P#0" "P#0_T#3181623040"
10 4.1555753283000e+04 "ST_Thread" "P#0_T#3181623040" "STV_Working"
7 4.1565875601000e+04 "P#0_T#3139667712" "CT_Thread" "P#0" "P#0_T#3139667712"
10 4.1565875601000e+04 "ST_Thread" "P#0_T#3139667712" "STV_Working"
12 4.1577211279000e+04 "ST_Thread" "P#0_T#2859222880"
11 4.1577213056000e+04 "ST_Thread" "P#0_T#2859222880" "STV_Blocked"
12 4.1577250139000e+04 "ST_Thread" "P#0_T#2859222880"
11 4.1577251113000e+04 "ST_Thread" "P#0_T#2859222880" "STV_Blocked"
7 4.1577475135000e+04 "P#0_T#3114493696" "CT_Thread" "P#0" "P#0_T#3114493696"
10 4.1577475135000e+04 "ST_Thread" "P#0_T#3114493696" "STV_Working"
7 4.1589323850000e+04 "P#0_T#3089319680" "CT_Thread" "P#0" "P#0_T#3089319680"
10 4.1589323850000e+04 "ST_Thread" "P#0_T#3089319680" "STV_Working"
12 4.1600700078000e+04 "ST_Thread" "P#0_T#2859222880"
11 4.1600706515000e+04 "ST_Thread" "P#0_T#2859222880" "STV_Blocked"
12 4.1600743281000e+04 "ST_Thread" "P#0_T#2859222880"
11 4.1600744205000e+04 "ST_Thread" "P#0_T#2859222880" "STV_Blocked"
7 4.1600975618000e+04 "P#0_T#3064145664" "CT_Thread" "P#0" "P#0_T#3064145664"
10 4.1600975618000e+04 "ST_Thread" "P#0_T#3064145664" "STV_Working"
7 4.1613181792000e+04 "P#0_T#3038971648" "CT_Thread" "P#0" "P#0_T#3038971648"
10 4.1613181792000e+04 "ST_Thread" "P#0_T#3038971648" "STV_Working"
12 4.1624718123000e+04 "ST_Thread" "P#0_T#2859222880"
11 4.1624719943000e+04 "ST_Thread" "P#0_T#2859222880" "STV_Blocked"
12 4.1624771027000e+04 "ST_Thread" "P#0_T#2859222880"
11 4.1624772193000e+04 "ST_Thread" "P#0_T#2859222880" "STV_Blocked"
7 4.1625005017000e+04 "P#0_T#3013797632" "CT_Thread" "P#0" "P#0_T#3013797632"
10 4.1625005017000e+04 "ST_Thread" "P#0_T#3013797632" "STV_Working"
7 4.1634643928000e+04 "P#0_T#2988623616" "CT_Thread" "P#0" "P#0_T#2988623616"
10 4.1634643928000e+04 "ST_Thread" "P#0_T#2988623616" "STV_Working"
12 4.1644519652000e+04 "ST_Thread" "P#0_T#2859222880"
11 4.1644521658000e+04 "ST_Thread" "P#0_T#2859222880" "STV_Blocked"
12 4.1644569845000e+04 "ST_Thread" "P#0_T#2859222880"
11 4.1644570945000e+04 "ST_Thread" "P#0_T#2859222880" "STV_Blocked"
7 4.1644797465000e+04 "P#0_T#2963449600" "CT_Thread" "P#0" "P#0_T#2963449600"
10 4.1644797465000e+04 "ST_Thread" "P#0_T#2963449600" "STV_Working"
7 4.1653775181000e+04 "P#0_T#2938275584" "CT_Thread" "P#0" "P#0_T#2938275584"
10 4.1653775181000e+04 "ST_Thread" "P#0_T#2938275584" "STV_Working"
12 4.1664772086000e+04 "ST_Thread" "P#0_T#2859222880"
11 4.1664773736000e+04 "ST_Thread" "P#0_T#2859222880" "STV_Blocked"
12 4.1664822296000e+04 "ST_Thread" "P#0_T#2859222880"
11 4.1664823016000e+04 "ST_Thread" "P#0_T#2859222880" "STV_Blocked"
7 4.1665098616000e+04 "P#0_T#2913101568" "CT_Thread" "P#0" "P#0_T#2913101568"
10 4.1665098616000e+04 "ST_Thread" "P#0_T#2913101568" "STV_Working"
7 4.1674084063000e+04 "P#0_T#2887927552" "CT_Thread" "P#0" "P#0_T#2887927552"
10 4.1674084063000e+04 "ST_Thread" "P#0_T#2887927552" "STV_Working"
12 4.1685558657000e+04 "ST_Thread" "P#0_T#2859222880"
11 4.1685560217000e+04 "ST_Thread" "P#0_T#2859222880" "STV_Blocked"
12 4.1685600051000e+04 "ST_Thread" "P#0_T#2859222880"
11 4.1685600977000e+04 "ST_Thread" "P#0_T#2859222880" "STV_Blocked"
7 4.1685855760000e+04 "P#0_T#2862753536" "CT_Thread" "P#0" "P#0_T#2862753536"
10 4.1685855760000e+04 "ST_Thread" "P#0_T#2862753536" "STV_Working"
7 4.1695705179000e+04 "P#0_T#2837579520" "CT_Thread" "P#0" "P#0_T#2837579520"
10 4.1695705179000e+04 "ST_Thread" "P#0_T#2837579520" "STV_Working"
12 4.1706192524000e+04 "ST_Thread" "P#0_T#2859222880"
11 4.1706194408000e+04 "ST_Thread" "P#0_T#2859222880" "STV_Blocked"
12 4.1706228651000e+04 "ST_Thread" "P#0_T#2859222880"
11 4.1706229551000e+04 "ST_Thread" "P#0_T#2859222880" "STV_Blocked"
7 4.1706463274000e+04 "P#0_T#2812405504" "CT_Thread" "P#0" "P#0_T#2812405504"
10 4.1706463274000e+04 "ST_Thread" "P#0_T#2812405504" "STV_Working"
7 4.1714974420000e+04 "P#0_T#2787231488" "CT_Thread" "P#0" "P#0_T#2787231488"
10 4.1714974420000e+04 "ST_Thread" "P#0_T#2787231488" "STV_Working"
12 4.1726364266000e+04 "ST_Thread" "P#0_T#2859222880"
11 4.1726365916000e+04 "ST_Thread" "P#0_T#2859222880" "STV_Blocked"
12 4.1726401615000e+04 "ST_Thread" "P#0_T#2859222880"
11 4.1726402769000e+04 "ST_Thread" "P#0_T#2859222880" "STV_Blocked"
7 4.1726648188000e+04 "P#0_T#2762057472" "CT_Thread" "P#0" "P#0_T#2762057472"
10 4.1726648188000e+04 "ST_Thread" "P#0_T#2762057472" "STV_Working"
7 4.1737444990000e+04 "P#0_T#2736883456" "CT_Thread" "P#0" "P#0_T#2736883456"
10 4.1737444990000e+04 "ST_Thread" "P#0_T#2736883456" "STV_Working"
12 4.1748720357000e+04 "ST_Thread" "P#0_T#2859222880"
11 4.1748734328000e+04 "ST_Thread" "P#0_T#2859222880" "STV_Blocked"
12 4.1748765102000e+04 "ST_Thread" "P#0_T#2859222880"
11 4.1748765944000e+04 "ST_Thread" "P#0_T#2859222880" "STV_Blocked"
7 4.1748949580000e+04 "P#0_T#2711709440" "CT_Thread" "P#0" "P#0_T#2711709440"
10 4.1748949580000e+04 "ST_Thread" "P#0_T#2711709440" "STV_Working"
7 4.1759938214000e+04 "P#0_T#2703316736" "CT_Thread" "P#0" "P#0_T#2703316736"
10 4.1759938214000e+04 "ST_Thread" "P#0_T#2703316736" "STV_Working"
12 4.1771367330000e+04 "ST_Thread" "P#0_T#2859222880"
11 4.1771369180000e+04 "ST_Thread" "P#0_T#2859222880" "STV_Blocked"
12 4.1771405267000e+04 "ST_Thread" "P#0_T#2859222880"
11 4.1771406464000e+04 "ST_Thread" "P#0_T#2859222880" "STV_Blocked"
7 4.1771510108000e+04 "P#0_T#2661361408" "CT_Thread" "P#0" "P#0_T#2661361408"
10 4.1771510108000e+04 "ST_Thread" "P#0_T#2661361408" "STV_Working"
7 4.1783105805000e+04 "P#0_T#2636187392" "CT_Thread" "P#0" "P#0_T#2636187392"
10 4.1783105805000e+04 "ST_Thread" "P#0_T#2636187392" "STV_Working"
12 4.1793808328000e+04 "ST_Thread" "P#0_T#2859222880"
11 4.1793809938000e+04 "ST_Thread" "P#0_T#2859222880" "STV_Blocked"
12 4.1793844801000e+04 "ST_Thread" "P#0_T#2859222880"
11 4.1793845804000e+04 "ST_Thread" "P#0_T#2859222880" "STV_Blocked"
7 4.1794075858000e+04 "P#0_T#2611013376" "CT_Thread" "P#0" "P#0_T#2611013376"
10 4.1794075858000e+04 "ST_Thread" "P#0_T#2611013376" "STV_Working"
7 4.1804593902000e+04 "P#0_T#2585839360" "CT_Thread" "P#0" "P#0_T#2585839360"
10 4.1804593902000e+04 "ST_Thread" "P#0_T#2585839360" "STV_Working"
12 4.1815789573000e+04 "ST_Thread" "P#0_T#2859222880"
11 4.1815791189000e+04 "ST_Thread" "P#0_T#2859222880" "STV_Blocked"
12 4.1815825139000e+04 "ST_Thread" "P#0_T#2859222880"
11 4.1815826199000e+04 "ST_Thread" "P#0_T#2859222880" "STV_Blocked"
7 4.1816091826000e+04 "P#0_T#2560665344" "CT_Thread" "P#0" "P#0_T#2560665344"
10 4.1816091826000e+04 "ST_Thread" "P#0_T#2560665344" "STV_Working"
7 4.1827323248000e+04 "P#0_T#2535491328" "CT_Thread" "P#0" "P#0_T#2535491328"
10 4.1827323248000e+04 "ST_Thread" "P#0_T#2535491328" "STV_Working"
12 4.1838625164000e+04 "ST_Thread" "P#0_T#2859222880"
11 4.1838626714000e+04 "ST_Thread" "P#0_T#2859222880" "STV_Blocked"
12 4.1838665651000e+04 "ST_Thread" "P#0_T#2859222880"
11 4.1838666877000e+04 "ST_Thread" "P#0_T#2859222880" "STV_Blocked"
7 4.1838895657000e+04 "P#0_T#2510317312" "CT_Thread" "P#0" "P#0_T#2510317312"
10 4.1838895657000e+04 "ST_Thread" "P#0_T#2510317312" "STV_Working"
7 4.1848470835000e+04 "P#0_T#2485143296" "CT_Thread" "P#0" "P#0_T#2485143296"
10 4.1848470835000e+04 "ST_Thread" "P#0_T#2485143296" "STV_Working"
12 4.1859829653000e+04 "ST_Thread" "P#0_T#2859222880"
11 4.1859831339000e+04 "ST_Thread" "P#0_T#2859222880" "STV_Blocked"
12 4.1859870166000e+04 "ST_Thread" "P#0_T#2859222880"
11 4.1859871686000e+04 "ST_Thread" "P#0_T#2859222880" "STV_Blocked"
7 4.1860134403000e+04 "P#0_T#2459969280" "CT_Thread" "P#0" "P#0_T#2459969280"
10 4.1860134403000e+04 "ST_Thread" "P#0_T#2459969280" "STV_Working"
7 4.1868865608000e+04 "P#0_T#2434795264" "CT_Thread" "P#0" "P#0_T#2434795264"
10 4.1868865608000e+04 "ST_Thread" "P#0_T#2434795264" "STV_Working"
12 4.1880120521000e+04 "ST_Thread" "P#0_T#2859222880"
11 4.1880122117000e+04 "ST_Thread" "P#0_T#2859222880" "STV_Blocked"
12 4.1880159237000e+04 "ST_Thread" "P#0_T#2859222880"
11 4.1880160274000e+04 "ST_Thread" "P#0_T#2859222880" "STV_Blocked"
7 4.1880272523000e+04 "P#0_T#2409621248" "CT_Thread" "P#0" "P#0_T#2409621248"
10 4.1880272523000e+04 "ST_Thread" "P#0_T#2409621248" "STV_Working"
7 4.1891086336000e+04 "P#0_T#2384447232" "CT_Thread" "P#0" "P#0_T#2384447232"
10 4.1891086336000e+04 "ST_Thread" "P#0_T#2384447232" "STV_Working"
12 4.1899495677000e+04 "ST_Thread" "P#0_T#2859222880"
11 4.1899497597000e+04 "ST_Thread" "P#0_T#2859222880" "STV_Blocked"
12 4.1899532646000e+04 "ST_Thread" "P#0_T#2859222880"
11 4.1899533783000e+04 "ST_Thread" "P#0_T#2859222880" "STV_Blocked"
7 4.1899745196000e+04 "P#0_T#2359273216" "CT_Thread" "P#0" "P#0_T#2359273216"
10 4.1899745196000e+04 "ST_Thread" "P#0_T#2359273216" "STV_Working"
7 4.1907652198000e+04 "P#0_T#2334099200" "CT_Thread" "P#0" "P#0_T#2334099200"
10 4.1907652198000e+04 "ST_Thread" "P#0_T#2334099200" "STV_Working"
12 4.1918800123000e+04 "ST_Thread" "P#0_T#2859222880"
11 4.1918801623000e+04 "ST_Thread" "P#0_T#2859222880" "STV_Blocked"
12 4.1918833216000e+04 "ST_Thread" "P#0_T#2859222880"
11 4.1918834366000e+04 "ST_Thread" "P#0_T#2859222880" "STV_Blocked"
7 4.1918952557000e+04 "P#0_T#2308925184" "CT_Thread" "P#0" "P#0_T#2308925184"
10 4.1918952557000e+04 "ST_Thread" "P#0_T#2308925184" "STV_Working"
7 4.1929702299000e+04 "P#0_T#2283751168" "CT_Thread" "P#0" "P#0_T#2283751168"
10 4.1929702299000e+04 "ST_Thread" "P#0_T#2283751168" "STV_Working"
12 4.1939571719000e+04 "ST_Thread" "P#0_T#2859222880"
11 4.1939573583000e+04 "ST_Thread" "P#0_T#2859222880" "STV_Blocked"
12 4.1939606526000e+04 "ST_Thread" "P#0_T#2859222880"
11 4.1939607223000e+04 "ST_Thread" "P#0_T#2859222880" "STV_Blocked"
7 4.1939684779000e+04 "P#0_T#2258577152" "CT_Thread" "P#0" "P#0_T#2258577152"
10 4.1939684779000e+04 "ST_Thread" "P#0_T#2258577152" "STV_Working"
7 4.1951053484000e+04 "P#0_T#2233403136" "CT_Thread" "P#0" "P#0_T#2233403136"
10 4.1951053484000e+04 "ST_Thread" "P#0_T#2233403136" "STV_Working"
12 4.1962292870000e+04 "ST_Thread" "P#0_T#2859222880"
11 4.1962298876000e+04 "ST_Thread" "P#0_T#2859222880" "STV_Blocked"
7 4.1962629293000e+04 "P#0_T#2208229120" "CT_Thread" "P#0" "P#0_T#2208229120"
10 4.1962629293000e+04 "ST_Thread" "P#0_T#2208229120" "STV_Working"
12 4.1972933246000e+04 "ST_Thread" "P#0_T#2859222880"
11 4.1972935486000e+04 "ST_Thread" "P#0_T#2859222880" "STV_Blocked"
12 4.1972978133000e+04 "ST_Thread" "P#0_T#2859222880"
11 4.1972979276000e+04 "ST_Thread" "P#0_T#2859222880" "STV_Blocked"
7 4.1973178511000e+04 "P#0_T#2199836416" "CT_Thread" "P#0" "P#0_T#2199836416"
10 4.1973178511000e+04 "ST_Thread" "P#0_T#2199836416" "STV_Working"
7 4.1984623279000e+04 "P#0_T#2157881088" "CT_Thread" "P#0" "P#0_T#2157881088"
10 4.1984623279000e+04 "ST_Thread" "P#0_T#2157881088" "STV_Working"
12 4.1995760580000e+04 "ST_Thread" "P#0_T#2859222880"
11 4.1995762140000e+04 "ST_Thread" "P#0_T#2859222880" "STV_Blocked"
12 4.1995800843000e+04 "ST_Thread" "P#0_T#2859222880"
11 4.1995801950000e+04 "ST_Thread" "P#0_T#2859222880" "STV_Blocked"
7 4.1996047637000e+04 "P#0_T#2132707072" "CT_Thread" "P#0" "P#0_T#2132707072"
10 4.1996047637000e+04 "ST_Thread" "P#0_T#2132707072" "STV_Working"
7 4.2007445572000e+04 "P#0_T#2107533056" "CT_Thread" "P#0" "P#0_T#2107533056"
10 4.2007445572000e+04 "ST_Thread" "P#0_T#2107533056" "STV_Working"
12 4.2018943494000e+04 "ST_Thread" "P#0_T#2859222880"
11 4.2018945034000e+04 "ST_Thread" "P#0_T#2859222880" "STV_Blocked"
12 4.2018983023000e+04 "ST_Thread" "P#0_T#2859222880"
11 4.2018983817000e+04 "ST_Thread" "P#0_T#2859222880" "STV_Blocked"
7 4.2019253506000e+04 "P#0_T#2082359040" "CT_Thread" "P#0" "P#0_T#2082359040"
10 4.2019253506000e+04 "ST_Thread" "P#0_T#2082359040" "STV_Working"
7 4.2028561186000e+04 "P#0_T#2057185024" "CT_Thread" "P#0" "P#0_T#2057185024"
10 4.2028561186000e+04 "ST_Thread" "P#0_T#2057185024" "STV_Working"
12 4.2038179076000e+04 "ST_Thread" "P#0_T#2859222880"
11 4.2038181170000e+04 "ST_Thread" "P#0_T#2859222880" "STV_Blocked"
12 4.2038241963000e+04 "ST_Thread" "P#0_T#2859222880"
7 4.2038376934000e+04 "P#0_T#2032011008" "CT_Thread" "P#0" "P#0_T#2032011008"
10 4.2038376934000e+04 "ST_Thread" "P#0_T#2032011008" "STV_Working"
7 4.2046573240000e+04 "P#0_T#2006836992" "CT_Thread" "P#0" "P#0_T#2006836992"
10 4.2046573240000e+04 "ST_Thread" "P#0_T#2006836992" "STV_Working"
7 4.2058247074000e+04 "P#0_T#1981662976" "CT_Thread" "P#0" "P#0_T#1981662976"
10 4.2058247074000e+04 "ST_Thread" "P#0_T#1981662976" "STV_Working"
41 4.2058288861000e+04 "GOMP_Section_Link" "C_Prog" "P#0_T#3089319680" "p#0_section#1_thread#11" "0_1_11"
11 4.2058288861000e+04 "ST_Thread" "P#0_T#3089319680" "GOMP_Section_State"
41 4.2058298614000e+04 "GOMP_Section_Link" "C_Prog" "P#0_T#3315885824" "p#0_section#1_thread#2" "0_1_2"
11 4.2058298614000e+04 "ST_Thread" "P#0_T#3315885824" "GOMP_Section_State"
41 4.2058301281000e+04 "GOMP_Section_Link" "C_Prog" "P#0_T#3190015744" "p#0_section#1_thread#7" "0_1_7"
11 4.2058301281000e+04 "ST_Thread" "P#0_T#3190015744" "GOMP_Section_State"
11 4.2058304344000e+04 "ST_Thread" "P#0_T#3089319680" "GOMP_For"
11 4.2058304478000e+04 "ST_Thread" "P#0_T#3315885824" "GOMP_For"
11 4.2058307534000e+04 "ST_Thread" "P#0_T#3190015744" "GOMP_For"
41 4.2058308501000e+04 "GOMP_Section_Link" "C_Prog" "P#0_T#3240363776" "p#0_section#1_thread#5" "0_1_5"
11 4.2058308501000e+04 "ST_Thread" "P#0_T#3240363776" "GOMP_Section_State"
41 4.2058308801000e+04 "GOMP_Section_Link" "C_Prog" "P#0_T#3282319104" "p#0_section#1_thread#4" "0_1_4"
11 4.2058308801000e+04 "ST_Thread" "P#0_T#3282319104" "GOMP_Section_State"
11 4.2058309238000e+04 "ST_Thread" "P#0_T#3240363776" "GOMP_For"
11 4.2058309841000e+04 "ST_Thread" "P#0_T#3282319104" "GOMP_For"
41 4.2058315878000e+04 "GOMP_Section_Link" "C_Prog" "P#0_T#3181623040" "p#0_section#1_thread#8" "0_1_8"
11 4.2058315878000e+04 "ST_Thread" "P#0_T#3181623040" "GOMP_Section_State"
41 4.2058316951000e+04 "GOMP_Section_Link" "C_Prog" "P#0_T#3215189760" "p#0_section#1_thread#6" "0_1_6"
11 4.2058316951000e+04 "ST_Thread" "P#0_T#3215189760" "GOMP_Section_State"
11 4.2058317044000e+04 "ST_Thread" "P#0_T#3181623040" "GOMP_For"
11 4.2058318278000e+04 "ST_Thread" "P#0_T#3215189760" "GOMP_For"
41 4.2058323308000e+04 "GOMP_Section_Link" "C_Prog" "P#0_T#3038971648" "p#0_section#1_thread#13" "0_1_13"
11 4.2058323308000e+04 "ST_Thread" "P#0_T#3038971648" "GOMP_Section_State"
41 4.2058323841000e+04 "GOMP_Section_Link" "C_Prog" "P#0_T#3114493696" "p#0_section#1_thread#10" "0_1_10"
11 4.2058323841000e+04 "ST_Thread" "P#0_T#3114493696" "GOMP_Section_State"
11 4.2058324264000e+04 "ST_Thread" "P#0_T#3038971648" "GOMP_For"
11 4.2058325118000e+04 "ST_Thread" "P#0_T#3114493696" "GOMP_For"
41 4.2058346288000e+04 "GOMP_Section_Link" "C_Prog" "P#0_T#2510317312" "p#0_section#1_thread#34" "0_1_34"
11 4.2058346288000e+04 "ST_Thread" "P#0_T#2510317312" "GOMP_Section_State"
11 4.2058347311000e+04 "ST_Thread" "P#0_T#2510317312" "GOMP_For"
41 4.2058353251000e+04 "GOMP_Section_Link" "C_Prog" "P#0_T#3064145664" "p#0_section#1_thread#12" "0_1_12"
11 4.2058353251000e+04 "ST_Thread" "P#0_T#3064145664" "GOMP_Section_State"
11 4.2058354380000e+04 "ST_Thread" "P#0_T#3064145664" "GOMP_For"
41 4.2058363901000e+04 "GOMP_Section_Link" "C_Prog" "P#0_T#2611013376" "p#0_section#1_thread#30" "0_1_30"
11 4.2058363901000e+04 "ST_Thread" "P#0_T#2611013376" "GOMP_Section_State"
11 4.2058364988000e+04 "ST_Thread" "P#0_T#2611013376" "GOMP_For"
41 4.2058374754000e+04 "GOMP_Section_Link" "C_Prog" "P#0_T#2208229120" "p#0_section#1_thread#46" "0_1_46"
11 4.2058374754000e+04 "ST_Thread" "P#0_T#2208229120" "GOMP_Section_State"
41 4.2058384004000e+04 "GOMP_Section_Link" "C_Prog" "P#0_T#2459969280" "p#0_section#1_thread#36" "0_1_36"
11 4.2058384004000e+04 "ST_Thread" "P#0_T#2459969280" "GOMP_Section_State"
11 4.2058384044000e+04 "ST_Thread" "P#0_T#2208229120" "GOMP_For"
41 4.2058384051000e+04 "GOMP_Section_Link" "C_Prog" "P#0_T#2711709440" "p#0_section#1_thread#26" "0_1_26"
11 4.2058384051000e+04 "ST_Thread" "P#0_T#2711709440" "GOMP_Section_State"
11 4.2058385108000e+04 "ST_Thread" "P#0_T#2459969280" "GOMP_For"
11 4.2058385124000e+04 "ST_Thread" "P#0_T#2711709440" "GOMP_For"
41 4.2058390755000e+04 "GOMP_Section_Link" "C_Prog" "P#0_T#2409621248" "p#0_section#1_thread#38" "0_1_38"
11 4.2058390755000e+04 "ST_Thread" "P#0_T#2409621248" "GOMP_Section_State"
11 4.2058391638000e+04 "ST_Thread" "P#0_T#2409621248" "GOMP_For"
41 4.2058400321000e+04 "GOMP_Section_Link" "C_Prog" "P#0_T#2535491328" "p#0_section#1_thread#33" "0_1_33"
11 4.2058400321000e+04 "ST_Thread" "P#0_T#2535491328" "GOMP_Section_State"
11 4.2058401071000e+04 "ST_Thread" "P#0_T#2535491328" "GOMP_For"
41 4.2058405541000e+04 "GOMP_Section_Link" "C_Prog" "P#0_T#2308925184" "p#0_section#1_thread#42" "0_1_42"
11 4.2058405541000e+04 "ST_Thread" "P#0_T#2308925184" "GOMP_Section_State"
11 4.2058406484000e+04 "ST_Thread" "P#0_T#2308925184" "GOMP_For"
41 4.2058414971000e+04 "GOMP_Section_Link" "C_Prog" "P#0_T#3013797632" "p#0_section#1_thread#14" "0_1_14"
11 4.2058414971000e+04 "ST_Thread" "P#0_T#3013797632" "GOMP_Section_State"
41 4.2058415861000e+04 "GOMP_Section_Link" "C_Prog" "P#0_T#2199836416" "p#0_section#1_thread#47" "0_1_47"
11 4.2058415861000e+04 "ST_Thread" "P#0_T#2199836416" "GOMP_Section_State"
11 4.2058416124000e+04 "ST_Thread" "P#0_T#3013797632" "GOMP_For"
11 4.2058416981000e+04 "ST_Thread" "P#0_T#2199836416" "GOMP_For"
41 4.2058421524000e+04 "GOMP_Section_Link" "C_Prog" "P#0_T#2258577152" "p#0_section#1_thread#44" "0_1_44"
11 4.2058421524000e+04 "ST_Thread" "P#0_T#2258577152" "GOMP_Section_State"
11 4.2058422321000e+04 "ST_Thread" "P#0_T#2258577152" "GOMP_For"
41 4.2058425581000e+04 "GOMP_Section_Link" "C_Prog" "P#0_T#2859222880" "p#0_section#1_thread#0" "0_1_0"
11 4.2058425581000e+04 "ST_Thread" "P#0_T#2859222880" "GOMP_Section_State"
11 4.2058426441000e+04 "ST_Thread" "P#0_T#2859222880" "GOMP_For"
41 4.2058430374000e+04 "GOMP_Section_Link" "C_Prog" "P#0_T#2938275584" "p#0_section#1_thread#17" "0_1_17"
11 4.2058430374000e+04 "ST_Thread" "P#0_T#2938275584" "GOMP_Section_State"
11 4.2058431408000e+04 "ST_Thread" "P#0_T#2938275584" "GOMP_For"
41 4.2058436308000e+04 "GOMP_Section_Link" "C_Prog" "P#0_T#2006836992" "p#0_section#1_thread#54" "0_1_54"
11 4.2058436308000e+04 "ST_Thread" "P#0_T#2006836992" "GOMP_Section_State"
11 4.2058437364000e+04 "ST_Thread" "P#0_T#2006836992" "GOMP_For"
41 4.2058437834000e+04 "GOMP_Section_Link" "C_Prog" "P#0_T#2082359040" "p#0_section#1_thread#51" "0_1_51"
11 4.2058437834000e+04 "ST_Thread" "P#0_T#2082359040" "GOMP_Section_State"
11 4.2058438501000e+04 "ST_Thread" "P#0_T#2082359040" "GOMP_For"
41 4.2058443318000e+04 "GOMP_Section_Link" "C_Prog" "P#0_T#2787231488" "p#0_section#1_thread#23" "0_1_23"
11 4.2058443318000e+04 "ST_Thread" "P#0_T#2787231488" "GOMP_Section_State"
11 4.2058444228000e+04 "ST_Thread" "P#0_T#2787231488" "GOMP_For"
41 4.2058446094000e+04 "GOMP_Section_Link" "C_Prog" "P#0_T#2283751168" "p#0_section#1_thread#43" "0_1_43"
11 4.2058446094000e+04 "ST_Thread" "P#0_T#2283751168" "GOMP_Section_State"
11 4.2058447344000e+04 "ST_Thread" "P#0_T#2283751168" "GOMP_For"
41 4.2058459091000e+04 "GOMP_Section_Link" "C_Prog" "P#0_T#2057185024" "p#0_section#1_thread#52" "0_1_52"
11 4.2058459091000e+04 "ST_Thread" "P#0_T#2057185024" "GOMP_Section_State"
11 4.2058460214000e+04 "ST_Thread" "P#0_T#2057185024" "GOMP_For"
41 4.2058464904000e+04 "GOMP_Section_Link" "C_Prog" "P#0_T#2585839360" "p#0_section#1_thread#31" "0_1_31"
11 4.2058464904000e+04 "ST_Thread" "P#0_T#2585839360" "GOMP_Section_State"
11 4.2058465984000e+04 "ST_Thread" "P#0_T#2585839360" "GOMP_For"
41 4.2058472894000e+04 "GOMP_Section_Link" "C_Prog" "P#0_T#2636187392" "p#0_section#1_thread#29" "0_1_29"
11 4.2058472894000e+04 "ST_Thread" "P#0_T#2636187392" "GOMP_Section_State"
11 4.2058473768000e+04 "ST_Thread" "P#0_T#2636187392" "GOMP_For"
41 4.2058488001000e+04 "GOMP_Section_Link" "C_Prog" "P#0_T#2032011008" "p#0_section#1_thread#53" "0_1_53"
11 4.2058488001000e+04 "ST_Thread" "P#0_T#2032011008" "GOMP_Section_State"
11 4.2058489131000e+04 "ST_Thread" "P#0_T#2032011008" "GOMP_For"
41 4.2058500634000e+04 "GOMP_Section_Link" "C_Prog" "P#0_T#2485143296" "p#0_section#1_thread#35" "0_1_35"
11 4.2058500634000e+04 "ST_Thread" "P#0_T#2485143296" "GOMP_Section_State"
11 4.2058502134000e+04 "ST_Thread" "P#0_T#2485143296" "GOMP_For"
41 4.2058512668000e+04 "GOMP_Section_Link" "C_Prog" "P#0_T#2434795264" "p#0_section#1_thread#37" "0_1_37"
11 4.2058512668000e+04 "ST_Thread" "P#0_T#2434795264" "GOMP_Section_State"
11 4.2058514191000e+04 "ST_Thread" "P#0_T#2434795264" "GOMP_For"
41 4.2058739930000e+04 "GOMP_Section_Link" "C_Prog" "P#0_T#2359273216" "p#0_section#1_thread#40" "0_1_40"
11 4.2058739930000e+04 "ST_Thread" "P#0_T#2359273216" "GOMP_Section_State"
11 4.2058741020000e+04 "ST_Thread" "P#0_T#2359273216" "GOMP_For"
41 4.2058910600000e+04 "GOMP_Section_Link" "C_Prog" "P#0_T#2812405504" "p#0_section#1_thread#22" "0_1_22"
11 4.2058910600000e+04 "ST_Thread" "P#0_T#2812405504" "GOMP_Section_State"
11 4.2058911630000e+04 "ST_Thread" "P#0_T#2812405504" "GOMP_For"
41 4.2059239699000e+04 "GOMP_Section_Link" "C_Prog" "P#0_T#2963449600" "p#0_section#1_thread#16" "0_1_16"
11 4.2059239699000e+04 "ST_Thread" "P#0_T#2963449600" "GOMP_Section_State"
11 4.2059240681000e+04 "ST_Thread" "P#0_T#2963449600" "GOMP_For"
41 4.2059384779000e+04 "GOMP_Section_Link" "C_Prog" "P#0_T#2157881088" "p#0_section#1_thread#48" "0_1_48"
11 4.2059384779000e+04 "ST_Thread" "P#0_T#2157881088" "GOMP_Section_State"
11 4.2059385756000e+04 "ST_Thread" "P#0_T#2157881088" "GOMP_For"
41 4.2059468102000e+04 "GOMP_Section_Link" "C_Prog" "P#0_T#2132707072" "p#0_section#1_thread#49" "0_1_49"
11 4.2059468102000e+04 "ST_Thread" "P#0_T#2132707072" "GOMP_Section_State"
11 4.2059469402000e+04 "ST_Thread" "P#0_T#2132707072" "GOMP_For"
41 4.2059585687000e+04 "GOMP_Section_Link" "C_Prog" "P#0_T#2887927552" "p#0_section#1_thread#19" "0_1_19"
11 4.2059585687000e+04 "ST_Thread" "P#0_T#2887927552" "GOMP_Section_State"
11 4.2059586222000e+04 "ST_Thread" "P#0_T#2887927552" "GOMP_For"
41 4.2060359781000e+04 "GOMP_Section_Link" "C_Prog" "P#0_T#2736883456" "p#0_section#1_thread#25" "0_1_25"
11 4.2060359781000e+04 "ST_Thread" "P#0_T#2736883456" "GOMP_Section_State"
11 4.2060362178000e+04 "ST_Thread" "P#0_T#2736883456" "GOMP_For"
41 4.2061100127000e+04 "GOMP_Section_Link" "C_Prog" "P#0_T#2862753536" "p#0_section#1_thread#20" "0_1_20"
11 4.2061100127000e+04 "ST_Thread" "P#0_T#2862753536" "GOMP_Section_State"
11 4.2061101103000e+04 "ST_Thread" "P#0_T#2862753536" "GOMP_For"
41 4.2062030154000e+04 "GOMP_Section_Link" "C_Prog" "P#0_T#1981662976" "p#0_section#1_thread#55" "0_1_55"
11 4.2062030154000e+04 "ST_Thread" "P#0_T#1981662976" "GOMP_Section_State"
11 4.2062030976000e+04 "ST_Thread" "P#0_T#1981662976" "GOMP_For"
41 4.2062058748000e+04 "GOMP_Section_Link" "C_Prog" "P#0_T#2703316736" "p#0_section#1_thread#27" "0_1_27"
11 4.2062058748000e+04 "ST_Thread" "P#0_T#2703316736" "GOMP_Section_State"
11 4.2062060005000e+04 "ST_Thread" "P#0_T#2703316736" "GOMP_For"
41 4.2062357847000e+04 "GOMP_Section_Link" "C_Prog" "P#0_T#2334099200" "p#0_section#1_thread#41" "0_1_41"
11 4.2062357847000e+04 "ST_Thread" "P#0_T#2334099200" "GOMP_Section_State"
11 4.2062358850000e+04 "ST_Thread" "P#0_T#2334099200" "GOMP_For"
41 4.2066389258000e+04 "GOMP_Section_Link" "C_Prog" "P#0_T#2762057472" "p#0_section#1_thread#24" "0_1_24"
11 4.2066389258000e+04 "ST_Thread" "P#0_T#2762057472" "GOMP_Section_State"
41 4.2066389268000e+04 "GOMP_Section_Link" "C_Prog" "P#0_T#2560665344" "p#0_section#1_thread#32" "0_1_32"
11 4.2066389268000e+04 "ST_Thread" "P#0_T#2560665344" "GOMP_Section_State"
11 4.2066390658000e+04 "ST_Thread" "P#0_T#2560665344" "GOMP_For"
11 4.2066391121000e+04 "ST_Thread" "P#0_T#2762057472" "GOMP_For"
41 4.2066582691000e+04 "GOMP_Section_Link" "C_Prog" "P#0_T#2107533056" "p#0_section#1_thread#50" "0_1_50"
11 4.2066582691000e+04 "ST_Thread" "P#0_T#2107533056" "GOMP_Section_State"
11 4.2066584311000e+04 "ST_Thread" "P#0_T#2107533056" "GOMP_For"
41 4.2066799384000e+04 "GOMP_Section_Link" "C_Prog" "P#0_T#3307493120" "p#0_section#1_thread#3" "0_1_3"
11 4.2066799384000e+04 "ST_Thread" "P#0_T#3307493120" "GOMP_Section_State"
11 4.2066801920000e+04 "ST_Thread" "P#0_T#3307493120" "GOMP_For"
41 4.2070307299000e+04 "GOMP_Section_Link" "C_Prog" "P#0_T#3139667712" "p#0_section#1_thread#9" "0_1_9"
11 4.2070307299000e+04 "ST_Thread" "P#0_T#3139667712" "GOMP_Section_State"
11 4.2070312502000e+04 "ST_Thread" "P#0_T#3139667712" "GOMP_For"
41 4.2070369033000e+04 "GOMP_Section_Link" "C_Prog" "P#0_T#2233403136" "p#0_section#1_thread#45" "0_1_45"
11 4.2070369033000e+04 "ST_Thread" "P#0_T#2233403136" "GOMP_Section_State"
11 4.2070370319000e+04 "ST_Thread" "P#0_T#2233403136" "GOMP_For"
41 4.2070388657000e+04 "GOMP_Section_Link" "C_Prog" "P#0_T#2661361408" "p#0_section#1_thread#28" "0_1_28"
11 4.2070388657000e+04 "ST_Thread" "P#0_T#2661361408" "GOMP_Section_State"
11 4.2070390686000e+04 "ST_Thread" "P#0_T#2661361408" "GOMP_For"
41 4.2078803691000e+04 "GOMP_Section_Link" "C_Prog" "P#0_T#2913101568" "p#0_section#1_thread#18" "0_1_18"
11 4.2078803691000e+04 "ST_Thread" "P#0_T#2913101568" "GOMP_Section_State"
11 4.2078806211000e+04 "ST_Thread" "P#0_T#2913101568" "GOMP_For"
41 4.2079420417000e+04 "GOMP_Section_Link" "C_Prog" "P#0_T#2384447232" "p#0_section#1_thread#39" "0_1_39"
11 4.2079420417000e+04 "ST_Thread" "P#0_T#2384447232" "GOMP_Section_State"
11 4.2079422657000e+04 "ST_Thread" "P#0_T#2384447232" "GOMP_For"
41 4.2082303442000e+04 "GOMP_Section_Link" "C_Prog" "P#0_T#3324278528" "p#0_section#1_thread#1" "0_1_1"
11 4.2082303442000e+04 "ST_Thread" "P#0_T#3324278528" "GOMP_Section_State"
11 4.2082305051000e+04 "ST_Thread" "P#0_T#3324278528" "GOMP_For"
41 4.2086399979000e+04 "GOMP_Section_Link" "C_Prog" "P#0_T#2988623616" "p#0_section#1_thread#15" "0_1_15"
11 4.2086399979000e+04 "ST_Thread" "P#0_T#2988623616" "GOMP_Section_State"
11 4.2086402209000e+04 "ST_Thread" "P#0_T#2988623616" "GOMP_For"
41 4.2088809335000e+04 "GOMP_Section_Link" "C_Prog" "P#0_T#2837579520" "p#0_section#1_thread#21" "0_1_21"
11 4.2088809335000e+04 "ST_Thread" "P#0_T#2837579520" "GOMP_Section_State"
11 4.2088811409000e+04 "ST_Thread" "P#0_T#2837579520" "GOMP_For"
11 4.7446502989000e+04 "ST_Thread" "P#0_T#2258577152" "GOMP_Implicit_Barrier"
11 4.7446503019000e+04 "ST_Thread" "P#0_T#2334099200" "GOMP_Implicit_Barrier"
11 4.7746860738000e+04 "ST_Thread" "P#0_T#2711709440" "GOMP_Implicit_Barrier"
11 4.7844524712000e+04 "ST_Thread" "P#0_T#1981662976" "GOMP_Implicit_Barrier"
11 4.8380465221000e+04 "ST_Thread" "P#0_T#2736883456" "GOMP_Implicit_Barrier"
11 4.9052957428000e+04 "ST_Thread" "P#0_T#2359273216" "GOMP_Implicit_Barrier"
11 4.9643588357000e+04 "ST_Thread" "P#0_T#3064145664" "GOMP_Implicit_Barrier"
11 4.9812072613000e+04 "ST_Thread" "P#0_T#2703316736" "GOMP_Implicit_Barrier"
11 5.0000931645000e+04 "ST_Thread" "P#0_T#2812405504" "GOMP_Implicit_Barrier"
11 5.0139069939000e+04 "ST_Thread" "P#0_T#2887927552" "GOMP_Implicit_Barrier"
11 5.0139069964000e+04 "ST_Thread" "P#0_T#2862753536" "GOMP_Implicit_Barrier"
11 5.0948617201000e+04 "ST_Thread" "P#0_T#3240363776" "GOMP_Implicit_Barrier"
11 5.1202022269000e+04 "ST_Thread" "P#0_T#2585839360" "GOMP_Implicit_Barrier"
11 5.1202022290000e+04 "ST_Thread" "P#0_T#2199836416" "GOMP_Implicit_Barrier"
11 5.1202022292000e+04 "ST_Thread" "P#0_T#2636187392" "GOMP_Implicit_Barrier"
11 5.1613536140000e+04 "ST_Thread" "P#0_T#2032011008" "GOMP_Implicit_Barrier"
11 5.1613538783000e+04 "ST_Thread" "P#0_T#2409621248" "GOMP_Implicit_Barrier"
11 5.1613539294000e+04 "ST_Thread" "P#0_T#3307493120" "GOMP_Implicit_Barrier"
11 5.1613542546000e+04 "ST_Thread" "P#0_T#2082359040" "GOMP_Implicit_Barrier"
11 5.1613543382000e+04 "ST_Thread" "P#0_T#2485143296" "GOMP_Implicit_Barrier"
11 5.1618817616000e+04 "ST_Thread" "P#0_T#2859222880" "GOMP_Implicit_Barrier"
11 5.1618817624000e+04 "ST_Thread" "P#0_T#2157881088" "GOMP_Implicit_Barrier"
11 5.2191252640000e+04 "ST_Thread" "P#0_T#2963449600" "GOMP_Implicit_Barrier"
11 5.2191252702000e+04 "ST_Thread" "P#0_T#3190015744" "GOMP_Implicit_Barrier"
11 5.2600471174000e+04 "ST_Thread" "P#0_T#3089319680" "GOMP_Implicit_Barrier"
11 5.2600471204000e+04 "ST_Thread" "P#0_T#2913101568" "GOMP_Implicit_Barrier"
11 5.2600471234000e+04 "ST_Thread" "P#0_T#2208229120" "GOMP_Implicit_Barrier"
11 5.2760913889000e+04 "ST_Thread" "P#0_T#2837579520" "GOMP_Implicit_Barrier"
11 5.2760913905000e+04 "ST_Thread" "P#0_T#2988623616" "GOMP_Implicit_Barrier"
11 5.2760913915000e+04 "ST_Thread" "P#0_T#2661361408" "GOMP_Implicit_Barrier"
11 5.3139840654000e+04 "ST_Thread" "P#0_T#3315885824" "GOMP_Implicit_Barrier"
11 5.3332997426000e+04 "ST_Thread" "P#0_T#3324278528" "GOMP_Implicit_Barrier"
11 5.3912385918000e+04 "ST_Thread" "P#0_T#3282319104" "GOMP_Implicit_Barrier"
11 5.3950992416000e+04 "ST_Thread" "P#0_T#2006836992" "GOMP_Implicit_Barrier"
11 5.3950992535000e+04 "ST_Thread" "P#0_T#3038971648" "GOMP_Implicit_Barrier"
11 5.3950992548000e+04 "ST_Thread" "P#0_T#2787231488" "GOMP_Implicit_Barrier"
11 5.4017088528000e+04 "ST_Thread" "P#0_T#2535491328" "GOMP_Implicit_Barrier"
11 5.4383158897000e+04 "ST_Thread" "P#0_T#3139667712" "GOMP_Implicit_Barrier"
11 5.4383158913000e+04 "ST_Thread" "P#0_T#2560665344" "GOMP_Implicit_Barrier"
11 5.4388435443000e+04 "ST_Thread" "P#0_T#2434795264" "GOMP_Implicit_Barrier"
11 5.4398048796000e+04 "ST_Thread" "P#0_T#3215189760" "GOMP_Implicit_Barrier"
11 5.4421594868000e+04 "ST_Thread" "P#0_T#3181623040" "GOMP_Implicit_Barrier"
11 5.4421594887000e+04 "ST_Thread" "P#0_T#2938275584" "GOMP_Implicit_Barrier"
11 5.4421594900000e+04 "ST_Thread" "P#0_T#2611013376" "GOMP_Implicit_Barrier"
11 5.4829175238000e+04 "ST_Thread" "P#0_T#2107533056" "GOMP_Implicit_Barrier"
11 5.4933892924000e+04 "ST_Thread" "P#0_T#2510317312" "GOMP_Implicit_Barrier"
11 5.4953192052000e+04 "ST_Thread" "P#0_T#2308925184" "GOMP_Implicit_Barrier"
11 5.4953192074000e+04 "ST_Thread" "P#0_T#2459969280" "GOMP_Implicit_Barrier"
11 5.4953192086000e+04 "ST_Thread" "P#0_T#3013797632" "GOMP_Implicit_Barrier"
11 5.4953192097000e+04 "ST_Thread" "P#0_T#2057185024" "GOMP_Implicit_Barrier"
11 5.4953192113000e+04 "ST_Thread" "P#0_T#2132707072" "GOMP_Implicit_Barrier"
11 5.5132285858000e+04 "ST_Thread" "P#0_T#2233403136" "GOMP_Implicit_Barrier"
11 5.5271283441000e+04 "ST_Thread" "P#0_T#2762057472" "GOMP_Implicit_Barrier"
11 5.5380064677000e+04 "ST_Thread" "P#0_T#2384447232" "GOMP_Implicit_Barrier"
11 5.5386655316000e+04 "ST_Thread" "P#0_T#2283751168" "GOMP_Implicit_Barrier"
11 5.5386804994000e+04 "ST_Thread" "P#0_T#3114493696" "GOMP_Implicit_Barrier"
12 5.5386806206000e+04 "ST_Thread" "P#0_T#2283751168"
12 5.5386809066000e+04 "ST_Thread" "P#0_T#2283751168"
40 5.5386809541000e+04 "GOMP_Section_Link" "C_Prog" "P#0_T#2283751168" "p#0_section#1_thread#43" "0_1_43_end"
12 5.5386809541000e+04 "ST_Thread" "P#0_T#2283751168"
12 5.5386821170000e+04 "ST_Thread" "P#0_T#2703316736"
12 5.5386821714000e+04 "ST_Thread" "P#0_T#2703316736"
40 5.5386822073000e+04 "GOMP_Section_Link" "C_Prog" "P#0_T#2703316736" "p#0_section#1_thread#27" "0_1_27_end"
12 5.5386822073000e+04 "ST_Thread" "P#0_T#2703316736"
12 5.5386845141000e+04 "ST_Thread" "P#0_T#2736883456"
12 5.5386845913000e+04 "ST_Thread" "P#0_T#2736883456"
40 5.5386846053000e+04 "GOMP_Section_Link" "C_Prog" "P#0_T#2736883456" "p#0_section#1_thread#25" "0_1_25_end"
12 5.5386846053000e+04 "ST_Thread" "P#0_T#2736883456"
12 5.5386847414000e+04 "ST_Thread" "P#0_T#2711709440"
12 5.5386847420000e+04 "ST_Thread" "P#0_T#2258577152"
12 5.5386848630000e+04 "ST_Thread" "P#0_T#2711709440"
12 5.5386848694000e+04 "ST_Thread" "P#0_T#2258577152"
40 5.5386849524000e+04 "GOMP_Section_Link" "C_Prog" "P#0_T#2711709440" "p#0_section#1_thread#26" "0_1_26_end"
12 5.5386849524000e+04 "ST_Thread" "P#0_T#2711709440"
40 5.5386849534000e+04 "GOMP_Section_Link" "C_Prog" "P#0_T#2258577152" "p#0_section#1_thread#44" "0_1_44_end"
12 5.5386849534000e+04 "ST_Thread" "P#0_T#2258577152"
12 5.5386850897000e+04 "ST_Thread" "P#0_T#2859222880"
12 5.5386851139000e+04 "ST_Thread" "P#0_T#2859222880"
40 5.5386851332000e+04 "GOMP_Section_Link" "C_Prog" "P#0_T#2859222880" "p#0_section#1_thread#0" "0_1_0_end"
12 5.5386851332000e+04 "ST_Thread" "P#0_T#2859222880"
12 5.5386853900000e+04 "ST_Thread" "P#0_T#2862753536"
12 5.5386855797000e+04 "ST_Thread" "P#0_T#2812405504"
12 5.5386863205000e+04 "ST_Thread" "P#0_T#2359273216"
12 5.5386863210000e+04 "ST_Thread" "P#0_T#2963449600"
12 5.5386863420000e+04 "ST_Thread" "P#0_T#2862753536"
12 5.5386863614000e+04 "ST_Thread" "P#0_T#3064145664"
12 5.5386863677000e+04 "ST_Thread" "P#0_T#1981662976"
40 5.5386864071000e+04 "GOMP_Section_Link" "C_Prog" "P#0_T#2862753536" "p#0_section#1_thread#20" "0_1_20_end"
12 5.5386864071000e+04 "ST_Thread" "P#0_T#2862753536"
12 5.5386864090000e+04 "ST_Thread" "P#0_T#2812405504"
12 5.5386864164000e+04 "ST_Thread" "P#0_T#2963449600"
12 5.5386864184000e+04 "ST_Thread" "P#0_T#2359273216"
40 5.5386864603000e+04 "GOMP_Section_Link" "C_Prog" "P#0_T#2359273216" "p#0_section#1_thread#40" "0_1_40_end"
12 5.5386864603000e+04 "ST_Thread" "P#0_T#2359273216"
12 5.5386864667000e+04 "ST_Thread" "P#0_T#3064145664"
12 5.5386864760000e+04 "ST_Thread" "P#0_T#1981662976"
40 5.5386864837000e+04 "GOMP_Section_Link" "C_Prog" "P#0_T#2812405504" "p#0_section#1_thread#22" "0_1_22_end"
12 5.5386864837000e+04 "ST_Thread" "P#0_T#2812405504"
12 5.5386864897000e+04 "ST_Thread" "P#0_T#2887927552"
40 5.5386864907000e+04 "GOMP_Section_Link" "C_Prog" "P#0_T#2963449600" "p#0_section#1_thread#16" "0_1_16_end"
12 5.5386864907000e+04 "ST_Thread" "P#0_T#2963449600"
40 5.5386865333000e+04 "GOMP_Section_Link" "C_Prog" "P#0_T#3064145664" "p#0_section#1_thread#12" "0_1_12_end"
12 5.5386865333000e+04 "ST_Thread" "P#0_T#3064145664"
40 5.5386865353000e+04 "GOMP_Section_Link" "C_Prog" "P#0_T#1981662976" "p#0_section#1_thread#55" "0_1_55_end"
12 5.5386865353000e+04 "ST_Thread" "P#0_T#1981662976"
12 5.5386865697000e+04 "ST_Thread" "P#0_T#2334099200"
12 5.5386865907000e+04 "ST_Thread" "P#0_T#2887927552"
12 5.5386865936000e+04 "ST_Thread" "P#0_T#2199836416"
12 5.5386865938000e+04 "ST_Thread" "P#0_T#2636187392"
12 5.5386866001000e+04 "ST_Thread" "P#0_T#2585839360"
12 5.5386866406000e+04 "ST_Thread" "P#0_T#2636187392"
12 5.5386866617000e+04 "ST_Thread" "P#0_T#2334099200"
12 5.5386866644000e+04 "ST_Thread" "P#0_T#2585839360"
40 5.5386866657000e+04 "GOMP_Section_Link" "C_Prog" "P#0_T#2887927552" "p#0_section#1_thread#19" "0_1_19_end"
12 5.5386866657000e+04 "ST_Thread" "P#0_T#2887927552"
12 5.5386866674000e+04 "ST_Thread" "P#0_T#2199836416"
40 5.5386866958000e+04 "GOMP_Section_Link" "C_Prog" "P#0_T#2636187392" "p#0_section#1_thread#29" "0_1_29_end"
12 5.5386866958000e+04 "ST_Thread" "P#0_T#2636187392"
40 5.5386867045000e+04 "GOMP_Section_Link" "C_Prog" "P#0_T#2199836416" "p#0_section#1_thread#47" "0_1_47_end"
12 5.5386867045000e+04 "ST_Thread" "P#0_T#2199836416"
40 5.5386867054000e+04 "GOMP_Section_Link" "C_Prog" "P#0_T#2585839360" "p#0_section#1_thread#31" "0_1_31_end"
12 5.5386867054000e+04 "ST_Thread" "P#0_T#2585839360"
40 5.5386867210000e+04 "GOMP_Section_Link" "C_Prog" "P#0_T#2334099200" "p#0_section#1_thread#41" "0_1_41_end"
12 5.5386867210000e+04 "ST_Thread" "P#0_T#2334099200"
12 5.5386873252000e+04 "ST_Thread" "P#0_T#2988623616"
12 5.5386873880000e+04 "ST_Thread" "P#0_T#2988623616"
40 5.5386874222000e+04 "GOMP_Section_Link" "C_Prog" "P#0_T#2988623616" "p#0_section#1_thread#15" "0_1_15_end"
12 5.5386874222000e+04 "ST_Thread" "P#0_T#2988623616"
12 5.5386878603000e+04 "ST_Thread" "P#0_T#2409621248"
12 5.5386878608000e+04 "ST_Thread" "P#0_T#3307493120"
12 5.5386879164000e+04 "ST_Thread" "P#0_T#2409621248"
12 5.5386879242000e+04 "ST_Thread" "P#0_T#2082359040"
12 5.5386879252000e+04 "ST_Thread" "P#0_T#3307493120"
40 5.5386879282000e+04 "GOMP_Section_Link" "C_Prog" "P#0_T#2409621248" "p#0_section#1_thread#38" "0_1_38_end"
12 5.5386879282000e+04 "ST_Thread" "P#0_T#2409621248"
40 5.5386879661000e+04 "GOMP_Section_Link" "C_Prog" "P#0_T#3307493120" "p#0_section#1_thread#3" "0_1_3_end"
12 5.5386879661000e+04 "ST_Thread" "P#0_T#3307493120"
12 5.5386879762000e+04 "ST_Thread" "P#0_T#2082359040"
40 5.5386880183000e+04 "GOMP_Section_Link" "C_Prog" "P#0_T#2082359040" "p#0_section#1_thread#51" "0_1_51_end"
12 5.5386880183000e+04 "ST_Thread" "P#0_T#2082359040"
12 5.5386880759000e+04 "ST_Thread" "P#0_T#2485143296"
12 5.5386881365000e+04 "ST_Thread" "P#0_T#2485143296"
40 5.5386881702000e+04 "GOMP_Section_Link" "C_Prog" "P#0_T#2485143296" "p#0_section#1_thread#35" "0_1_35_end"
12 5.5386881702000e+04 "ST_Thread" "P#0_T#2485143296"
12 5.5386884879000e+04 "ST_Thread" "P#0_T#3139667712"
12 5.5386885482000e+04 "ST_Thread" "P#0_T#3139667712"
40 5.5386885835000e+04 "GOMP_Section_Link" "C_Prog" "P#0_T#3139667712" "p#0_section#1_thread#9" "0_1_9_end"
12 5.5386885835000e+04 "ST_Thread" "P#0_T#3139667712"
12 5.5386892043000e+04 "ST_Thread" "P#0_T#2032011008"
12 5.5386892334000e+04 "ST_Thread" "P#0_T#2837579520"
12 5.5386893014000e+04 "ST_Thread" "P#0_T#2837579520"
12 5.5386893020000e+04 "ST_Thread" "P#0_T#2032011008"
40 5.5386893482000e+04 "GOMP_Section_Link" "C_Prog" "P#0_T#2837579520" "p#0_section#1_thread#21" "0_1_21_end"
12 5.5386893482000e+04 "ST_Thread" "P#0_T#2837579520"
40 5.5386893493000e+04 "GOMP_Section_Link" "C_Prog" "P#0_T#2032011008" "p#0_section#1_thread#53" "0_1_53_end"
12 5.5386893493000e+04 "ST_Thread" "P#0_T#2032011008"
12 5.5386896963000e+04 "ST_Thread" "P#0_T#2208229120"
12 5.5386897182000e+04 "ST_Thread" "P#0_T#2459969280"
12 5.5386897549000e+04 "ST_Thread" "P#0_T#2208229120"
12 5.5386897690000e+04 "ST_Thread" "P#0_T#2459969280"
40 5.5386897790000e+04 "GOMP_Section_Link" "C_Prog" "P#0_T#2208229120" "p#0_section#1_thread#46" "0_1_46_end"
12 5.5386897790000e+04 "ST_Thread" "P#0_T#2208229120"
40 5.5386898053000e+04 "GOMP_Section_Link" "C_Prog" "P#0_T#2459969280" "p#0_section#1_thread#36" "0_1_36_end"
12 5.5386898053000e+04 "ST_Thread" "P#0_T#2459969280"
12 5.5386906773000e+04 "ST_Thread" "P#0_T#2434795264"
12 5.5386906780000e+04 "ST_Thread" "P#0_T#3324278528"
12 5.5386907930000e+04 "ST_Thread" "P#0_T#2434795264"
12 5.5386908090000e+04 "ST_Thread" "P#0_T#3324278528"
40 5.5386908897000e+04 "GOMP_Section_Link" "C_Prog" "P#0_T#3324278528" "p#0_section#1_thread#1" "0_1_1_end"
12 5.5386908897000e+04 "ST_Thread" "P#0_T#3324278528"
40 5.5386908950000e+04 "GOMP_Section_Link" "C_Prog" "P#0_T#2434795264" "p#0_section#1_thread#37" "0_1_37_end"
12 5.5386908950000e+04 "ST_Thread" "P#0_T#2434795264"
12 5.5386909098000e+04 "ST_Thread" "P#0_T#2560665344"
12 5.5386909654000e+04 "ST_Thread" "P#0_T#2560665344"
40 5.5386909773000e+04 "GOMP_Section_Link" "C_Prog" "P#0_T#2560665344" "p#0_section#1_thread#32" "0_1_32_end"
12 5.5386909773000e+04 "ST_Thread" "P#0_T#2560665344"
12 5.5386921420000e+04 "ST_Thread" "P#0_T#2661361408"
12 5.5386922343000e+04 "ST_Thread" "P#0_T#2661361408"
40 5.5386922856000e+04 "GOMP_Section_Link" "C_Prog" "P#0_T#2661361408" "p#0_section#1_thread#28" "0_1_28_end"
12 5.5386922856000e+04 "ST_Thread" "P#0_T#2661361408"
12 5.5386925334000e+04 "ST_Thread" "P#0_T#2132707072"
12 5.5386925882000e+04 "ST_Thread" "P#0_T#2132707072"
40 5.5386926016000e+04 "GOMP_Section_Link" "C_Prog" "P#0_T#2132707072" "p#0_section#1_thread#49" "0_1_49_end"
12 5.5386926016000e+04 "ST_Thread" "P#0_T#2132707072"
12 5.5386926056000e+04 "ST_Thread" "P#0_T#2057185024"
12 5.5386926083000e+04 "ST_Thread" "P#0_T#3215189760"
12 5.5386926494000e+04 "ST_Thread" "P#0_T#2057185024"
40 5.5386926868000e+04 "GOMP_Section_Link" "C_Prog" "P#0_T#2057185024" "p#0_section#1_thread#52" "0_1_52_end"
12 5.5386926868000e+04 "ST_Thread" "P#0_T#2057185024"
12 5.5386926920000e+04 "ST_Thread" "P#0_T#2107533056"
12 5.5386926933000e+04 "ST_Thread" "P#0_T#3215189760"
12 5.5386927073000e+04 "ST_Thread" "P#0_T#3038971648"
40 5.5386927433000e+04 "GOMP_Section_Link" "C_Prog" "P#0_T#3215189760" "p#0_section#1_thread#6" "0_1_6_end"
12 5.5386927433000e+04 "ST_Thread" "P#0_T#3215189760"
12 5.5386927700000e+04 "ST_Thread" "P#0_T#2107533056"
12 5.5386927803000e+04 "ST_Thread" "P#0_T#2006836992"
12 5.5386927983000e+04 "ST_Thread" "P#0_T#3038971648"
40 5.5386928196000e+04 "GOMP_Section_Link" "C_Prog" "P#0_T#2107533056" "p#0_section#1_thread#50" "0_1_50_end"
12 5.5386928196000e+04 "ST_Thread" "P#0_T#2107533056"
40 5.5386928416000e+04 "GOMP_Section_Link" "C_Prog" "P#0_T#3038971648" "p#0_section#1_thread#13" "0_1_13_end"
12 5.5386928416000e+04 "ST_Thread" "P#0_T#3038971648"
12 5.5386928540000e+04 "ST_Thread" "P#0_T#2006836992"
40 5.5386929053000e+04 "GOMP_Section_Link" "C_Prog" "P#0_T#2006836992" "p#0_section#1_thread#54" "0_1_54_end"
12 5.5386929053000e+04 "ST_Thread" "P#0_T#2006836992"
12 5.5386929466000e+04 "ST_Thread" "P#0_T#2787231488"
12 5.5386930256000e+04 "ST_Thread" "P#0_T#2787231488"
40 5.5386930790000e+04 "GOMP_Section_Link" "C_Prog" "P#0_T#2787231488" "p#0_section#1_thread#23" "0_1_23_end"
12 5.5386930790000e+04 "ST_Thread" "P#0_T#2787231488"
12 5.5386934956000e+04 "ST_Thread" "P#0_T#3013797632"
12 5.5386935653000e+04 "ST_Thread" "P#0_T#2233403136"
12 5.5386935853000e+04 "ST_Thread" "P#0_T#3013797632"
12 5.5386936333000e+04 "ST_Thread" "P#0_T#2233403136"
40 5.5386936376000e+04 "GOMP_Section_Link" "C_Prog" "P#0_T#3013797632" "p#0_section#1_thread#14" "0_1_14_end"
12 5.5386936376000e+04 "ST_Thread" "P#0_T#3013797632"
40 5.5386936796000e+04 "GOMP_Section_Link" "C_Prog" "P#0_T#2233403136" "p#0_section#1_thread#45" "0_1_45_end"
12 5.5386936796000e+04 "ST_Thread" "P#0_T#2233403136"
12 5.5388245024000e+04 "ST_Thread" "P#0_T#2762057472"
12 5.5388245542000e+04 "ST_Thread" "P#0_T#2762057472"
40 5.5388245802000e+04 "GOMP_Section_Link" "C_Prog" "P#0_T#2762057472" "p#0_section#1_thread#24" "0_1_24_end"
12 5.5388245802000e+04 "ST_Thread" "P#0_T#2762057472"
12 5.5388298683000e+04 "ST_Thread" "P#0_T#3240363776"
12 5.5388299201000e+04 "ST_Thread" "P#0_T#3240363776"
40 5.5388299369000e+04 "GOMP_Section_Link" "C_Prog" "P#0_T#3240363776" "p#0_section#1_thread#5" "0_1_5_end"
12 5.5388299369000e+04 "ST_Thread" "P#0_T#3240363776"
12 5.5388326717000e+04 "ST_Thread" "P#0_T#3282319104"
12 5.5388327133000e+04 "ST_Thread" "P#0_T#3282319104"
40 5.5388327304000e+04 "GOMP_Section_Link" "C_Prog" "P#0_T#3282319104" "p#0_section#1_thread#4" "0_1_4_end"
12 5.5388327304000e+04 "ST_Thread" "P#0_T#3282319104"
12 5.5388338470000e+04 "ST_Thread" "P#0_T#2308925184"
12 5.5388339055000e+04 "ST_Thread" "P#0_T#2308925184"
40 5.5388339290000e+04 "GOMP_Section_Link" "C_Prog" "P#0_T#2308925184" "p#0_section#1_thread#42" "0_1_42_end"
12 5.5388339290000e+04 "ST_Thread" "P#0_T#2308925184"
12 5.5388346391000e+04 "ST_Thread" "P#0_T#2535491328"
12 5.5388347243000e+04 "ST_Thread" "P#0_T#2535491328"
40 5.5388347411000e+04 "GOMP_Section_Link" "C_Prog" "P#0_T#2535491328" "p#0_section#1_thread#33" "0_1_33_end"
12 5.5388347411000e+04 "ST_Thread" "P#0_T#2535491328"
12 5.5388678249000e+04 "ST_Thread" "P#0_T#2913101568"
12 5.5388678599000e+04 "ST_Thread" "P#0_T#2913101568"
40 5.5388678782000e+04 "GOMP_Section_Link" "C_Prog" "P#0_T#2913101568" "p#0_section#1_thread#18" "0_1_18_end"
12 5.5388678782000e+04 "ST_Thread" "P#0_T#2913101568"
12 5.5388687998000e+04 "ST_Thread" "P#0_T#3089319680"
12 5.5388688520000e+04 "ST_Thread" "P#0_T#3089319680"
40 5.5388688699000e+04 "GOMP_Section_Link" "C_Prog" "P#0_T#3089319680" "p#0_section#1_thread#11" "0_1_11_end"
12 5.5388688699000e+04 "ST_Thread" "P#0_T#3089319680"
12 5.5388696232000e+04 "ST_Thread" "P#0_T#2938275584"
12 5.5388696576000e+04 "ST_Thread" "P#0_T#2938275584"
40 5.5388696756000e+04 "GOMP_Section_Link" "C_Prog" "P#0_T#2938275584" "p#0_section#1_thread#17" "0_1_17_end"
12 5.5388696756000e+04 "ST_Thread" "P#0_T#2938275584"
12 5.5388710060000e+04 "ST_Thread" "P#0_T#2384447232"
12 5.5388710204000e+04 "ST_Thread" "P#0_T#2384447232"
40 5.5388710325000e+04 "GOMP_Section_Link" "C_Prog" "P#0_T#2384447232" "p#0_section#1_thread#39" "0_1_39_end"
12 5.5388710325000e+04 "ST_Thread" "P#0_T#2384447232"
12 5.5388720902000e+04 "ST_Thread" "P#0_T#3190015744"
12 5.5388721534000e+04 "ST_Thread" "P#0_T#3190015744"
40 5.5388721769000e+04 "GOMP_Section_Link" "C_Prog" "P#0_T#3190015744" "p#0_section#1_thread#7" "0_1_7_end"
12 5.5388721769000e+04 "ST_Thread" "P#0_T#3190015744"
12 5.5388726376000e+04 "ST_Thread" "P#0_T#2157881088"
12 5.5388726880000e+04 "ST_Thread" "P#0_T#2157881088"
40 5.5388727051000e+04 "GOMP_Section_Link" "C_Prog" "P#0_T#2157881088" "p#0_section#1_thread#48" "0_1_48_end"
12 5.5388727051000e+04 "ST_Thread" "P#0_T#2157881088"
12 5.5388734434000e+04 "ST_Thread" "P#0_T#2611013376"
12 5.5388734844000e+04 "ST_Thread" "P#0_T#2611013376"
40 5.5388735085000e+04 "GOMP_Section_Link" "C_Prog" "P#0_T#2611013376" "p#0_section#1_thread#30" "0_1_30_end"
12 5.5388735085000e+04 "ST_Thread" "P#0_T#2611013376"
12 5.5388737035000e+04 "ST_Thread" "P#0_T#2510317312"
12 5.5388737700000e+04 "ST_Thread" "P#0_T#2510317312"
40 5.5388737942000e+04 "GOMP_Section_Link" "C_Prog" "P#0_T#2510317312" "p#0_section#1_thread#34" "0_1_34_end"
12 5.5388737942000e+04 "ST_Thread" "P#0_T#2510317312"
12 5.5388742078000e+04 "ST_Thread" "P#0_T#3315885824"
12 5.5388742634000e+04 "ST_Thread" "P#0_T#3315885824"
40 5.5388742872000e+04 "GOMP_Section_Link" "C_Prog" "P#0_T#3315885824" "p#0_section#1_thread#2" "0_1_2_end"
12 5.5388742872000e+04 "ST_Thread" "P#0_T#3315885824"
12 5.5388743437000e+04 "ST_Thread" "P#0_T#3181623040"
12 5.5388743810000e+04 "ST_Thread" "P#0_T#3181623040"
40 5.5388743985000e+04 "GOMP_Section_Link" "C_Prog" "P#0_T#3181623040" "p#0_section#1_thread#8" "0_1_8_end"
12 5.5388743985000e+04 "ST_Thread" "P#0_T#3181623040"
12 5.5388830258000e+04 "ST_Thread" "P#0_T#3114493696"
12 5.5388830810000e+04 "ST_Thread" "P#0_T#3114493696"
40 5.5388831038000e+04 "GOMP_Section_Link" "C_Prog" "P#0_T#3114493696" "p#0_section#1_thread#10" "0_1_10_end"
41 5.5388831038000e+04 "GOMP_Section_Link" "C_Prog" "P#0_T#2859222880" "p#0_section#1_thread#0" "0_1_0_end"
41 5.5388831038000e+04 "GOMP_Section_Link" "C_Prog" "P#0_T#2859222880" "p#0_section#1_thread#1" "0_1_1_end"
41 5.5388831038000e+04 "GOMP_Section_Link" "C_Prog" "P#0_T#2859222880" "p#0_section#1_thread#2" "0_1_2_end"
41 5.5388831038000e+04 "GOMP_Section_Link" "C_Prog" "P#0_T#2859222880" "p#0_section#1_thread#3" "0_1_3_end"
41 5.5388831038000e+04 "GOMP_Section_Link" "C_Prog" "P#0_T#2859222880" "p#0_section#1_thread#4" "0_1_4_end"
41 5.5388831038000e+04 "GOMP_Section_Link" "C_Prog" "P#0_T#2859222880" "p#0_section#1_thread#5" "0_1_5_end"
41 5.5388831038000e+04 "GOMP_Section_Link" "C_Prog" "P#0_T#2859222880" "p#0_section#1_thread#6" "0_1_6_end"
41 5.5388831038000e+04 "GOMP_Section_Link" "C_Prog" "P#0_T#2859222880" "p#0_section#1_thread#7" "0_1_7_end"
41 5.5388831038000e+04 "GOMP_Section_Link" "C_Prog" "P#0_T#2859222880" "p#0_section#1_thread#8" "0_1_8_end"
41 5.5388831038000e+04 "GOMP_Section_Link" "C_Prog" "P#0_T#2859222880" "p#0_section#1_thread#9" "0_1_9_end"
41 5.5388831038000e+04 "GOMP_Section_Link" "C_Prog" "P#0_T#2859222880" "p#0_section#1_thread#10" "0_1_10_end"
41 5.5388831038000e+04 "GOMP_Section_Link" "C_Prog" "P#0_T#2859222880" "p#0_section#1_thread#11" "0_1_11_end"
41 5.5388831038000e+04 "GOMP_Section_Link" "C_Prog" "P#0_T#2859222880" "p#0_section#1_thread#12" "0_1_12_end"
41 5.5388831038000e+04 "GOMP_Section_Link" "C_Prog" "P#0_T#2859222880" "p#0_section#1_thread#13" "0_1_13_end"
41 5.5388831038000e+04 "GOMP_Section_Link" "C_Prog" "P#0_T#2859222880" "p#0_section#1_thread#14" "0_1_14_end"
41 5.5388831038000e+04 "GOMP_Section_Link" "C_Prog" "P#0_T#2859222880" "p#0_section#1_thread#15" "0_1_15_end"
41 5.5388831038000e+04 "GOMP_Section_Link" "C_Prog" "P#0_T#2859222880" "p#0_section#1_thread#16" "0_1_16_end"
41 5.5388831038000e+04 "GOMP_Section_Link" "C_Prog" "P#0_T#2859222880" "p#0_section#1_thread#17" "0_1_17_end"
41 5.5388831038000e+04 "GOMP_Section_Link" "C_Prog" "P#0_T#2859222880" "p#0_section#1_thread#18" "0_1_18_end"
41 5.5388831038000e+04 "GOMP_Section_Link" "C_Prog" "P#0_T#2859222880" "p#0_section#1_thread#19" "0_1_19_end"
41 5.5388831038000e+04 "GOMP_Section_Link" "C_Prog" "P#0_T#2859222880" "p#0_section#1_thread#20" "0_1_20_end"
41 5.5388831038000e+04 "GOMP_Section_Link" "C_Prog" "P#0_T#2859222880" "p#0_section#1_thread#21" "0_1_21_end"
41 5.5388831038000e+04 "GOMP_Section_Link" "C_Prog" "P#0_T#2859222880" "p#0_section#1_thread#22" "0_1_22_end"
41 5.5388831038000e+04 "GOMP_Section_Link" "C_Prog" "P#0_T#2859222880" "p#0_section#1_thread#23" "0_1_23_end"
41 5.5388831038000e+04 "GOMP_Section_Link" "C_Prog" "P#0_T#2859222880" "p#0_section#1_thread#24" "0_1_24_end"
41 5.5388831038000e+04 "GOMP_Section_Link" "C_Prog" "P#0_T#2859222880" "p#0_section#1_thread#25" "0_1_25_end"
41 5.5388831038000e+04 "GOMP_Section_Link" "C_Prog" "P#0_T#2859222880" "p#0_section#1_thread#26" "0_1_26_end"
41 5.5388831038000e+04 "GOMP_Section_Link" "C_Prog" "P#0_T#2859222880" "p#0_section#1_thread#27" "0_1_27_end"
41 5.5388831038000e+04 "GOMP_Section_Link" "C_Prog" "P#0_T#2859222880" "p#0_section#1_thread#28" "0_1_28_end"
41 5.5388831038000e+04 "GOMP_Section_Link" "C_Prog" "P#0_T#2859222880" "p#0_section#1_thread#29" "0_1_29_end"
41 5.5388831038000e+04 "GOMP_Section_Link" "C_Prog" "P#0_T#2859222880" "p#0_section#1_thread#30" "0_1_30_end"
41 5.5388831038000e+04 "GOMP_Section_Link" "C_Prog" "P#0_T#2859222880" "p#0_section#1_thread#31" "0_1_31_end"
41 5.5388831038000e+04 "GOMP_Section_Link" "C_Prog" "P#0_T#2859222880" "p#0_section#1_thread#32" "0_1_32_end"
41 5.5388831038000e+04 "GOMP_Section_Link" "C_Prog" "P#0_T#2859222880" "p#0_section#1_thread#33" "0_1_33_end"
41 5.5388831038000e+04 "GOMP_Section_Link" "C_Prog" "P#0_T#2859222880" "p#0_section#1_thread#34" "0_1_34_end"
41 5.5388831038000e+04 "GOMP_Section_Link" "C_Prog" "P#0_T#2859222880" "p#0_section#1_thread#35" "0_1_35_end"
41 5.5388831038000e+04 "GOMP_Section_Link" "C_Prog" "P#0_T#2859222880" "p#0_section#1_thread#36" "0_1_36_end"
41 5.5388831038000e+04 "GOMP_Section_Link" "C_Prog" "P#0_T#2859222880" "p#0_section#1_thread#37" "0_1_37_end"
41 5.5388831038000e+04 "GOMP_Section_Link" "C_Prog" "P#0_T#2859222880" "p#0_section#1_thread#38" "0_1_38_end"
41 5.5388831038000e+04 "GOMP_Section_Link" "C_Prog" "P#0_T#2859222880" "p#0_section#1_thread#39" "0_1_39_end"
41 5.5388831038000e+04 "GOMP_Section_Link" "C_Prog" "P#0_T#2859222880" "p#0_section#1_thread#40" "0_1_40_end"
41 5.5388831038000e+04 "GOMP_Section_Link" "C_Prog" "P#0_T#2859222880" "p#0_section#1_thread#41" "0_1_41_end"
41 5.5388831038000e+04 "GOMP_Section_Link" "C_Prog" "P#0_T#2859222880" "p#0_section#1_thread#42" "0_1_42_end"
41 5.5388831038000e+04 "GOMP_Section_Link" "C_Prog" "P#0_T#2859222880" "p#0_section#1_thread#43" "0_1_43_end"
41 5.5388831038000e+04 "GOMP_Section_Link" "C_Prog" "P#0_T#2859222880" "p#0_section#1_thread#44" "0_1_44_end"
41 5.5388831038000e+04 "GOMP_Section_Link" "C_Prog" "P#0_T#2859222880" "p#0_section#1_thread#45" "0_1_45_end"
41 5.5388831038000e+04 "GOMP_Section_Link" "C_Prog" "P#0_T#2859222880" "p#0_section#1_thread#46" "0_1_46_end"
41 5.5388831038000e+04 "GOMP_Section_Link" "C_Prog" "P#0_T#2859222880" "p#0_section#1_thread#47" "0_1_47_end"
41 5.5388831038000e+04 "GOMP_Section_Link" "C_Prog" "P#0_T#2859222880" "p#0_section#1_thread#48" "0_1_48_end"
41 5.5388831038000e+04 "GOMP_Section_Link" "C_Prog" "P#0_T#2859222880" "p#0_section#1_thread#49" "0_1_49_end"
41 5.5388831038000e+04 "GOMP_Section_Link" "C_Prog" "P#0_T#2859222880" "p#0_section#1_thread#50" "0_1_50_end"
41 5.5388831038000e+04 "GOMP_Section_Link" "C_Prog" "P#0_T#2859222880" "p#0_section#1_thread#51" "0_1_51_end"
41 5.5388831038000e+04 "GOMP_Section_Link" "C_Prog" "P#0_T#2859222880" "p#0_section#1_thread#52" "0_1_52_end"
41 5.5388831038000e+04 "GOMP_Section_Link" "C_Prog" "P#0_T#2859222880" "p#0_section#1_thread#53" "0_1_53_end"
41 5.5388831038000e+04 "GOMP_Section_Link" "C_Prog" "P#0_T#2859222880" "p#0_section#1_thread#54" "0_1_54_end"
41 5.5388831038000e+04 "GOMP_Section_Link" "C_Prog" "P#0_T#2859222880" "p#0_section#1_thread#55" "0_1_55_end"
12 5.5388831038000e+04 "ST_Thread" "P#0_T#3114493696"
8 5.5406566117000e+04 "P#0_T#2859222880" "CT_Thread"
