%EventDef PajeDefineContainerType 0
% Name string
% Type string
% Alias string
%EndEventDef
%EventDef PajeDefineStateType 1
% Name string
% Type string
% Alias string
%EndEventDef
%EventDef PajeDefineEventType 2
% Name string
% Type string
% Alias string
%EndEventDef
%EventDef PajeDefineVariableType 3
% Name string
% Type string
% Color color
% Alias string
%EndEventDef
%EventDef PajeDefineLinkType 4
% Name string
% Type string
% StartContainerType string
% EndContainerType string
% Alias string
%EndEventDef
%EventDef PajeDefineEntityValue 5
% Type string
% Name string
% Color color
% Alias string
%EndEventDef
%EventDef PajeCreateContainer 7
% Time date
% Name string
% Type string
% Container string
% Alias string
%EndEventDef
%EventDef PajeDestroyContainer 8
% Time date
% Name string
% Type string
%EndEventDef
%EventDef PajeSetState 10
% Time date
% Type string
% Container string
% Value string
%EndEventDef
%EventDef PajePushState 11
% Time date
% Type string
% Container string
% Value string
%EndEventDef
%EventDef PajePushState 14
% Time date
% Type string
% Container string
% Value string
% Extra string
%EndEventDef
%EventDef PajePopState 12
% Time date
% Type string
% Container string
%EndEventDef
%EventDef PajeResetState 13
% Time date
% Type string
% Container string
%EndEventDef
%EventDef PajeNewEvent 20
% Time date
% Type string
% Container string
% Value string
%EndEventDef
%EventDef PajeSetVariable 30
% Time date
% Type string
% Container string
% Value double
%EndEventDef
%EventDef PajeAddVariable 31
% Time date
% Type string
% Container string
% Value double
%EndEventDef
%EventDef PajeSubVariable 32
% Time date
% Type string
% Container string
% Value double
%EndEventDef
%EventDef PajeStartLink 40
% Time date
% Type string
% Container string
% StartContainer string
% Value string
% Key string
%EndEventDef
%EventDef PajeEndLink 41
% Time date
% Type string
% Container string
% EndContainer string
% Value string
% Key string
%EndEventDef
0 "Program" "0" "CT_Program"
0 "Process" "CT_Program" "CT_Process"
0 "Thread" "CT_Process" "CT_Thread"
1 "Program state" "CT_Program" "ST_Program"
1 "Process state" "CT_Process" "ST_Process"
1 "Thread state" "CT_Thread" "ST_Thread"
1 "User state" "CT_Thread" "ST_User"
5 "ST_Thread" "EZTrace Flush" "1.0 1.0 1.0" "STV_FLUSH"
5 "ST_Thread" "Blocked" "1.0 0.0 0.0" "STV_Blocked"
5 "ST_Thread" "Working" "0.0 0.0 1.0" "STV_Working"
5 "ST_Thread" "Critical Section" "0.0 1.0 0.0" "STV_Critical"
5 "ST_User" "User Event" "0.0 1.0 0.0" "STV_User_Event_Green"
5 "ST_User" "User Event" "1.0 0.0 0.0" "STV_User_Event_Red"
5 "ST_User" "User Event" "0.1 0.5 0.8" "STV_User_Event_Blue"
5 "ST_User" "User Event" "1.0 1.0 0.0" "STV_User_Event_Yellow"
5 "ST_User" "User Event" "1.0 0.0 1.0" "STV_User_Event_Pink"
5 "ST_Thread" "EZTrace synchronization" "1.0 1.0 1.0" "STV_EZTRACE_SYNC"
2 "User Event" "CT_Thread" "E_UserEvent"
2 "SIGNAL Received" "CT_Thread" "E_SigSegv"
3 "Current CPU" "CT_Thread" "0 0 0" "V_CURCPU"
5 "ST_Thread" "stdio_read" "0.0 0.0 0.0" "stdio_read"
5 "ST_Thread" "stdio_pread" "0.0 0.0 0.0" "stdio_pread"
5 "ST_Thread" "stdio_readv" "0.0 0.0 0.0" "stdio_readv"
5 "ST_Thread" "stdio_fread" "0.0 0.0 0.0" "stdio_fread"
5 "ST_Thread" "stdio_write" "0.0 0.0 0.0" "stdio_write"
5 "ST_Thread" "stdio_pwrite" "0.0 0.0 0.0" "stdio_pwrite"
5 "ST_Thread" "stdio_writev" "0.0 0.0 0.0" "stdio_writev"
5 "ST_Thread" "stdio_fwrite" "0.0 0.0 0.0" "stdio_fwrite"
5 "ST_Thread" "stdio_select" "0.0 0.0 0.0" "stdio_select"
5 "ST_Thread" "stdio_pselect" "0.0 0.0 0.0" "stdio_pselect"
5 "ST_Thread" "stdio_lseek" "0.0 0.0 0.0" "stdio_lseek"
5 "ST_Thread" "stdio_poll" "0.0 0.0 0.0" "stdio_poll"
5 "ST_Thread" "stdio_ppoll" "0.0 0.0 0.0" "stdio_ppoll"
2 "SemPost" "CT_Thread" "E_SemPost"
2 "SemWait done" "CT_Thread" "E_SemWait_Done"
2 "Mutex Lock" "CT_Thread" "E_Mutex_Lock"
2 "Mutex Unlock" "CT_Thread" "E_Mutex_Unlock"
2 "Cond Signal" "CT_Thread" "E_CondSignal"
2 "Waiting for a lock" "CT_Thread" "E_LockStart"
2 "Lock acquired" "CT_Thread" "E_LockStop"
5 "ST_Thread" "Blocked on a semaphore" "1.0 0.0 0.0" "STV_Blocked_sem"
5 "ST_Thread" "Blocked on a spinlock" "1.0 0.0 0.0" "STV_Blocked_spin"
5 "ST_Thread" "Blocked on a mutex" "1.0 0.0 0.0" "STV_Blocked_mutex"
5 "ST_Thread" "Blocked on a condition" "1.0 0.0 0.0" "STV_Blocked_condition"
5 "ST_Thread" "Blocked on a rwlock" "1.0 0.0 0.0" "STV_Blocked_rwlock"
5 "ST_Thread" "Blocked on a barrier" "1.0 0.0 0.0" "STV_Blocked_barrier"
5 "ST_Thread" "Critical Section (semaphore)" "0.0 1.0 0.0" "STV_Critical_sem"
5 "ST_Thread" "Critical Section (spinlock)" "0.0 1.0 0.0" "STV_Critical_spin"
5 "ST_Thread" "Critical Section (mutex)" "0.0 1.0 0.0" "STV_Critical_mutex"
5 "ST_Thread" "Critical Section (condition)" "0.0 1.0 0.0" "STV_Critical_condition"
5 "ST_Thread" "Critical Section (rwlock)" "0.0 1.0 0.0" "STV_Critical_rwlock"
4 "OpenMP Parallel Section" "CT_Program" "CT_Thread" "CT_Thread" "GOMP_Section_Link"
5 "ST_Thread" "GOMP_Section_State" "1.0 0.0 1.0" "GOMP_Section_State"
5 "ST_Thread" "GOMP_Critical" "0.0 1.0 0.0" "GOMP_Critical"
5 "ST_Thread" "GOMP_Atomic" "0.0 1.0 0.0" "GOMP_Atomic"
5 "ST_Thread" "GOMP_Barrier" "1.0 0.6 0.0" "GOMP_Barrier"
5 "ST_Thread" "GOMP_Implicit_Barrier" "1.0 0.0 0.0" "GOMP_Implicit_Barrier"
5 "ST_Thread" "GOMP_For" "0.8 0.8 0.8" "GOMP_For"
5 "ST_Thread" "GOMP_Master" "1.0 1.0 1.0" "GOMP_Master"
5 "ST_Thread" "Blocked on an OpenMP lock" "1.0 0.0 0.0" "STV_GOMP_Lock"
5 "ST_Thread" "Holding an OpenMP lock" "0.0 1.0 0.0" "STV_GOMP_Locked"
5 "ST_Thread" "Blocked on an OpenMP nested lock" "1.0 0.0 0.0" "STV_GOMP_NLock"
5 "ST_Thread" "Holding an OpenMP nested lock" "0.0 1.0 0.0" "STV_GOMP_NLocked"
5 "ST_Thread" "GOMP_TaskWait" "1.0 0.6 0.0" "GOMP_TaskWait"
5 "ST_Thread" "GOMP_Task" "1.0 1.0 1.0" "GOMP_Task"
5 "ST_Thread" "GOMP_Untied_Task" "0.0 1.0 1.0" "GOMP_Untied_Task"
5 "ST_Thread" "Creating an OpenMP Task" "0.3 0.4 0.1" "GOMP_Task_Create"
5 "ST_Thread" "Creating an OpenMP Task" "0.1 0.5 0.8" "GOMP_Untied_Task_Create"
3 "Memory used" "CT_Process" "0 0 0" "V_Mem"
7 0.0000000000000e+00 "Program" "CT_Program" 0 "C_Prog"
7 0.0000000000000e+00 "P#0" "CT_Process" "C_Prog" "P#0"
7 0.0000000000000e+00 "P#0_T#781014880" "CT_Thread" "P#0" "P#0_T#781014880"
10 0.0000000000000e+00 "ST_Thread" "P#0_T#781014880" "STV_Working"
40 6.2022441406250e+03 "GOMP_Section_Link" "C_Prog" "P#0_T#781014880" "p#0_section#0_thread#0" "0_0_0"
41 6.2022638070000e+03 "GOMP_Section_Link" "C_Prog" "P#0_T#781014880" "p#0_section#0_thread#0" "0_0_0"
11 6.2022638070000e+03 "ST_Thread" "P#0_T#781014880" "GOMP_Section_State"
11 6.2022682670000e+03 "ST_Thread" "P#0_T#781014880" "GOMP_Master"
12 3.5248633949000e+04 "ST_Thread" "P#0_T#781014880"
11 3.5248635008000e+04 "ST_Thread" "P#0_T#781014880" "GOMP_Barrier"
12 3.5248639759000e+04 "ST_Thread" "P#0_T#781014880"
11 3.5248640171000e+04 "ST_Thread" "P#0_T#781014880" "GOMP_Implicit_Barrier"
12 3.5248640801000e+04 "ST_Thread" "P#0_T#781014880"
40 3.5248641349000e+04 "GOMP_Section_Link" "C_Prog" "P#0_T#781014880" "p#0_section#0_thread#0" "0_0_0_end"
41 3.5248641349000e+04 "GOMP_Section_Link" "C_Prog" "P#0_T#781014880" "p#0_section#0_thread#0" "0_0_0_end"
12 3.5248641349000e+04 "ST_Thread" "P#0_T#781014880"
40 3.9553839843750e+04 "GOMP_Section_Link" "C_Prog" "P#0_T#781014880" "p#0_section#1_thread#4" "0_1_4"
40 3.9553839843750e+04 "GOMP_Section_Link" "C_Prog" "P#0_T#781014880" "p#0_section#1_thread#1" "0_1_1"
40 3.9553839843750e+04 "GOMP_Section_Link" "C_Prog" "P#0_T#781014880" "p#0_section#1_thread#9" "0_1_9"
40 3.9553839843750e+04 "GOMP_Section_Link" "C_Prog" "P#0_T#781014880" "p#0_section#1_thread#13" "0_1_13"
40 3.9553839843750e+04 "GOMP_Section_Link" "C_Prog" "P#0_T#781014880" "p#0_section#1_thread#5" "0_1_5"
40 3.9553839843750e+04 "GOMP_Section_Link" "C_Prog" "P#0_T#781014880" "p#0_section#1_thread#7" "0_1_7"
40 3.9553839843750e+04 "GOMP_Section_Link" "C_Prog" "P#0_T#781014880" "p#0_section#1_thread#11" "0_1_11"
40 3.9553839843750e+04 "GOMP_Section_Link" "C_Prog" "P#0_T#781014880" "p#0_section#1_thread#18" "0_1_18"
40 3.9553839843750e+04 "GOMP_Section_Link" "C_Prog" "P#0_T#781014880" "p#0_section#1_thread#21" "0_1_21"
40 3.9553839843750e+04 "GOMP_Section_Link" "C_Prog" "P#0_T#781014880" "p#0_section#1_thread#26" "0_1_26"
40 3.9553839843750e+04 "GOMP_Section_Link" "C_Prog" "P#0_T#781014880" "p#0_section#1_thread#6" "0_1_6"
40 3.9553839843750e+04 "GOMP_Section_Link" "C_Prog" "P#0_T#781014880" "p#0_section#1_thread#0" "0_1_0"
40 3.9553839843750e+04 "GOMP_Section_Link" "C_Prog" "P#0_T#781014880" "p#0_section#1_thread#48" "0_1_48"
40 3.9553839843750e+04 "GOMP_Section_Link" "C_Prog" "P#0_T#781014880" "p#0_section#1_thread#44" "0_1_44"
40 3.9553839843750e+04 "GOMP_Section_Link" "C_Prog" "P#0_T#781014880" "p#0_section#1_thread#36" "0_1_36"
40 3.9553839843750e+04 "GOMP_Section_Link" "C_Prog" "P#0_T#781014880" "p#0_section#1_thread#28" "0_1_28"
40 3.9553839843750e+04 "GOMP_Section_Link" "C_Prog" "P#0_T#781014880" "p#0_section#1_thread#16" "0_1_16"
40 3.9553839843750e+04 "GOMP_Section_Link" "C_Prog" "P#0_T#781014880" "p#0_section#1_thread#50" "0_1_50"
40 3.9553839843750e+04 "GOMP_Section_Link" "C_Prog" "P#0_T#781014880" "p#0_section#1_thread#46" "0_1_46"
40 3.9553839843750e+04 "GOMP_Section_Link" "C_Prog" "P#0_T#781014880" "p#0_section#1_thread#38" "0_1_38"
40 3.9553839843750e+04 "GOMP_Section_Link" "C_Prog" "P#0_T#781014880" "p#0_section#1_thread#53" "0_1_53"
40 3.9553839843750e+04 "GOMP_Section_Link" "C_Prog" "P#0_T#781014880" "p#0_section#1_thread#30" "0_1_30"
40 3.9553839843750e+04 "GOMP_Section_Link" "C_Prog" "P#0_T#781014880" "p#0_section#1_thread#23" "0_1_23"
40 3.9553839843750e+04 "GOMP_Section_Link" "C_Prog" "P#0_T#781014880" "p#0_section#1_thread#52" "0_1_52"
40 3.9553839843750e+04 "GOMP_Section_Link" "C_Prog" "P#0_T#781014880" "p#0_section#1_thread#40" "0_1_40"
40 3.9553839843750e+04 "GOMP_Section_Link" "C_Prog" "P#0_T#781014880" "p#0_section#1_thread#32" "0_1_32"
40 3.9553839843750e+04 "GOMP_Section_Link" "C_Prog" "P#0_T#781014880" "p#0_section#1_thread#20" "0_1_20"
40 3.9553839843750e+04 "GOMP_Section_Link" "C_Prog" "P#0_T#781014880" "p#0_section#1_thread#2" "0_1_2"
40 3.9553839843750e+04 "GOMP_Section_Link" "C_Prog" "P#0_T#781014880" "p#0_section#1_thread#3" "0_1_3"
40 3.9553839843750e+04 "GOMP_Section_Link" "C_Prog" "P#0_T#781014880" "p#0_section#1_thread#54" "0_1_54"
40 3.9553839843750e+04 "GOMP_Section_Link" "C_Prog" "P#0_T#781014880" "p#0_section#1_thread#42" "0_1_42"
40 3.9553839843750e+04 "GOMP_Section_Link" "C_Prog" "P#0_T#781014880" "p#0_section#1_thread#34" "0_1_34"
40 3.9553839843750e+04 "GOMP_Section_Link" "C_Prog" "P#0_T#781014880" "p#0_section#1_thread#24" "0_1_24"
40 3.9553839843750e+04 "GOMP_Section_Link" "C_Prog" "P#0_T#781014880" "p#0_section#1_thread#51" "0_1_51"
40 3.9553839843750e+04 "GOMP_Section_Link" "C_Prog" "P#0_T#781014880" "p#0_section#1_thread#8" "0_1_8"
40 3.9553839843750e+04 "GOMP_Section_Link" "C_Prog" "P#0_T#781014880" "p#0_section#1_thread#15" "0_1_15"
40 3.9553839843750e+04 "GOMP_Section_Link" "C_Prog" "P#0_T#781014880" "p#0_section#1_thread#47" "0_1_47"
40 3.9553839843750e+04 "GOMP_Section_Link" "C_Prog" "P#0_T#781014880" "p#0_section#1_thread#41" "0_1_41"
40 3.9553839843750e+04 "GOMP_Section_Link" "C_Prog" "P#0_T#781014880" "p#0_section#1_thread#49" "0_1_49"
40 3.9553839843750e+04 "GOMP_Section_Link" "C_Prog" "P#0_T#781014880" "p#0_section#1_thread#10" "0_1_10"
40 3.9553839843750e+04 "GOMP_Section_Link" "C_Prog" "P#0_T#781014880" "p#0_section#1_thread#43" "0_1_43"
40 3.9553839843750e+04 "GOMP_Section_Link" "C_Prog" "P#0_T#781014880" "p#0_section#1_thread#45" "0_1_45"
40 3.9553839843750e+04 "GOMP_Section_Link" "C_Prog" "P#0_T#781014880" "p#0_section#1_thread#39" "0_1_39"
40 3.9553839843750e+04 "GOMP_Section_Link" "C_Prog" "P#0_T#781014880" "p#0_section#1_thread#12" "0_1_12"
40 3.9553839843750e+04 "GOMP_Section_Link" "C_Prog" "P#0_T#781014880" "p#0_section#1_thread#25" "0_1_25"
40 3.9553839843750e+04 "GOMP_Section_Link" "C_Prog" "P#0_T#781014880" "p#0_section#1_thread#27" "0_1_27"
40 3.9553839843750e+04 "GOMP_Section_Link" "C_Prog" "P#0_T#781014880" "p#0_section#1_thread#14" "0_1_14"
40 3.9553839843750e+04 "GOMP_Section_Link" "C_Prog" "P#0_T#781014880" "p#0_section#1_thread#17" "0_1_17"
40 3.9553839843750e+04 "GOMP_Section_Link" "C_Prog" "P#0_T#781014880" "p#0_section#1_thread#22" "0_1_22"
40 3.9553839843750e+04 "GOMP_Section_Link" "C_Prog" "P#0_T#781014880" "p#0_section#1_thread#19" "0_1_19"
40 3.9553839843750e+04 "GOMP_Section_Link" "C_Prog" "P#0_T#781014880" "p#0_section#1_thread#29" "0_1_29"
40 3.9553839843750e+04 "GOMP_Section_Link" "C_Prog" "P#0_T#781014880" "p#0_section#1_thread#33" "0_1_33"
40 3.9553839843750e+04 "GOMP_Section_Link" "C_Prog" "P#0_T#781014880" "p#0_section#1_thread#35" "0_1_35"
40 3.9553839843750e+04 "GOMP_Section_Link" "C_Prog" "P#0_T#781014880" "p#0_section#1_thread#37" "0_1_37"
40 3.9553839843750e+04 "GOMP_Section_Link" "C_Prog" "P#0_T#781014880" "p#0_section#1_thread#31" "0_1_31"
40 3.9553839843750e+04 "GOMP_Section_Link" "C_Prog" "P#0_T#781014880" "p#0_section#1_thread#55" "0_1_55"
11 3.9553862429000e+04 "ST_Thread" "P#0_T#781014880" "STV_Blocked"
12 3.9553915149000e+04 "ST_Thread" "P#0_T#781014880"
11 3.9553916072000e+04 "ST_Thread" "P#0_T#781014880" "STV_Blocked"
12 3.9553944745000e+04 "ST_Thread" "P#0_T#781014880"
11 3.9553945952000e+04 "ST_Thread" "P#0_T#781014880" "STV_Blocked"
12 3.9553973402000e+04 "ST_Thread" "P#0_T#781014880"
11 3.9553974349000e+04 "ST_Thread" "P#0_T#781014880" "STV_Blocked"
7 3.9564520535000e+04 "P#0_T#1246070528" "CT_Thread" "P#0" "P#0_T#1246070528"
10 3.9564520535000e+04 "ST_Thread" "P#0_T#1246070528" "STV_Working"
7 3.9575504565000e+04 "P#0_T#1237677824" "CT_Thread" "P#0" "P#0_T#1237677824"
10 3.9575504565000e+04 "ST_Thread" "P#0_T#1237677824" "STV_Working"
12 3.9586178089000e+04 "ST_Thread" "P#0_T#781014880"
11 3.9586179819000e+04 "ST_Thread" "P#0_T#781014880" "STV_Blocked"
12 3.9586213172000e+04 "ST_Thread" "P#0_T#781014880"
11 3.9586214679000e+04 "ST_Thread" "P#0_T#781014880" "STV_Blocked"
7 3.9586365473000e+04 "P#0_T#1229285120" "CT_Thread" "P#0" "P#0_T#1229285120"
10 3.9586365473000e+04 "ST_Thread" "P#0_T#1229285120" "STV_Working"
7 3.9596629190000e+04 "P#0_T#1204111104" "CT_Thread" "P#0" "P#0_T#1204111104"
10 3.9596629190000e+04 "ST_Thread" "P#0_T#1204111104" "STV_Working"
12 3.9605883895000e+04 "ST_Thread" "P#0_T#781014880"
11 3.9605885775000e+04 "ST_Thread" "P#0_T#781014880" "STV_Blocked"
12 3.9605919529000e+04 "ST_Thread" "P#0_T#781014880"
11 3.9605920955000e+04 "ST_Thread" "P#0_T#781014880" "STV_Blocked"
7 3.9606062803000e+04 "P#0_T#1162155776" "CT_Thread" "P#0" "P#0_T#1162155776"
10 3.9606062803000e+04 "ST_Thread" "P#0_T#1162155776" "STV_Working"
7 3.9615827915000e+04 "P#0_T#1136981760" "CT_Thread" "P#0" "P#0_T#1136981760"
10 3.9615827915000e+04 "ST_Thread" "P#0_T#1136981760" "STV_Working"
12 3.9625983763000e+04 "ST_Thread" "P#0_T#781014880"
11 3.9625985613000e+04 "ST_Thread" "P#0_T#781014880" "STV_Blocked"
12 3.9626022553000e+04 "ST_Thread" "P#0_T#781014880"
11 3.9626024133000e+04 "ST_Thread" "P#0_T#781014880" "STV_Blocked"
7 3.9626230058000e+04 "P#0_T#1111807744" "CT_Thread" "P#0" "P#0_T#1111807744"
10 3.9626230058000e+04 "ST_Thread" "P#0_T#1111807744" "STV_Working"
7 3.9635698018000e+04 "P#0_T#1086633728" "CT_Thread" "P#0" "P#0_T#1086633728"
10 3.9635698018000e+04 "ST_Thread" "P#0_T#1086633728" "STV_Working"
12 3.9645457986000e+04 "ST_Thread" "P#0_T#781014880"
11 3.9645459839000e+04 "ST_Thread" "P#0_T#781014880" "STV_Blocked"
12 3.9645494436000e+04 "ST_Thread" "P#0_T#781014880"
11 3.9645495876000e+04 "ST_Thread" "P#0_T#781014880" "STV_Blocked"
7 3.9645613275000e+04 "P#0_T#1061459712" "CT_Thread" "P#0" "P#0_T#1061459712"
10 3.9645613275000e+04 "ST_Thread" "P#0_T#1061459712" "STV_Working"
7 3.9654897769000e+04 "P#0_T#1036285696" "CT_Thread" "P#0" "P#0_T#1036285696"
10 3.9654897769000e+04 "ST_Thread" "P#0_T#1036285696" "STV_Working"
12 3.9666303856000e+04 "ST_Thread" "P#0_T#781014880"
11 3.9666305726000e+04 "ST_Thread" "P#0_T#781014880" "STV_Blocked"
12 3.9666348009000e+04 "ST_Thread" "P#0_T#781014880"
7 3.9666594139000e+04 "P#0_T#1011111680" "CT_Thread" "P#0" "P#0_T#1011111680"
10 3.9666594139000e+04 "ST_Thread" "P#0_T#1011111680" "STV_Working"
11 3.9675700800000e+04 "ST_Thread" "P#0_T#781014880" "STV_Blocked"
7 3.9675889484000e+04 "P#0_T#985937664" "CT_Thread" "P#0" "P#0_T#985937664"
10 3.9675889484000e+04 "ST_Thread" "P#0_T#985937664" "STV_Working"
12 3.9686247882000e+04 "ST_Thread" "P#0_T#781014880"
11 3.9686249695000e+04 "ST_Thread" "P#0_T#781014880" "STV_Blocked"
12 3.9686283422000e+04 "ST_Thread" "P#0_T#781014880"
11 3.9686284102000e+04 "ST_Thread" "P#0_T#781014880" "STV_Blocked"
7 3.9686480692000e+04 "P#0_T#960763648" "CT_Thread" "P#0" "P#0_T#960763648"
10 3.9686480692000e+04 "ST_Thread" "P#0_T#960763648" "STV_Working"
12 3.9695531040000e+04 "ST_Thread" "P#0_T#781014880"
11 3.9695532723000e+04 "ST_Thread" "P#0_T#781014880" "STV_Blocked"
7 3.9695676780000e+04 "P#0_T#918808320" "CT_Thread" "P#0" "P#0_T#918808320"
10 3.9695676780000e+04 "ST_Thread" "P#0_T#918808320" "STV_Working"
7 3.9705598085000e+04 "P#0_T#910415616" "CT_Thread" "P#0" "P#0_T#910415616"
10 3.9705598085000e+04 "ST_Thread" "P#0_T#910415616" "STV_Working"
12 3.9714640946000e+04 "ST_Thread" "P#0_T#781014880"
11 3.9714643232000e+04 "ST_Thread" "P#0_T#781014880" "STV_Blocked"
12 3.9714682722000e+04 "ST_Thread" "P#0_T#781014880"
11 3.9714692552000e+04 "ST_Thread" "P#0_T#781014880" "STV_Blocked"
7 3.9714799586000e+04 "P#0_T#902022912" "CT_Thread" "P#0" "P#0_T#902022912"
10 3.9714799586000e+04 "ST_Thread" "P#0_T#902022912" "STV_Working"
7 3.9724004037000e+04 "P#0_T#876848896" "CT_Thread" "P#0" "P#0_T#876848896"
10 3.9724004037000e+04 "ST_Thread" "P#0_T#876848896" "STV_Working"
12 3.9732720092000e+04 "ST_Thread" "P#0_T#781014880"
11 3.9732721725000e+04 "ST_Thread" "P#0_T#781014880" "STV_Blocked"
12 3.9732755105000e+04 "ST_Thread" "P#0_T#781014880"
11 3.9732756219000e+04 "ST_Thread" "P#0_T#781014880" "STV_Blocked"
7 3.9732868263000e+04 "P#0_T#834893568" "CT_Thread" "P#0" "P#0_T#834893568"
10 3.9732868263000e+04 "ST_Thread" "P#0_T#834893568" "STV_Working"
12 3.9732899479000e+04 "ST_Thread" "P#0_T#781014880"
11 3.9732900522000e+04 "ST_Thread" "P#0_T#781014880" "STV_Blocked"
7 3.9742185056000e+04 "P#0_T#809719552" "CT_Thread" "P#0" "P#0_T#809719552"
10 3.9742185056000e+04 "ST_Thread" "P#0_T#809719552" "STV_Working"
7 3.9753129469000e+04 "P#0_T#784545536" "CT_Thread" "P#0" "P#0_T#784545536"
10 3.9753129469000e+04 "ST_Thread" "P#0_T#784545536" "STV_Working"
12 3.9763509489000e+04 "ST_Thread" "P#0_T#781014880"
11 3.9763511345000e+04 "ST_Thread" "P#0_T#781014880" "STV_Blocked"
7 3.9763643450000e+04 "P#0_T#641935104" "CT_Thread" "P#0" "P#0_T#641935104"
10 3.9763643450000e+04 "ST_Thread" "P#0_T#641935104" "STV_Working"
12 3.9773179070000e+04 "ST_Thread" "P#0_T#781014880"
11 3.9773181130000e+04 "ST_Thread" "P#0_T#781014880" "STV_Blocked"
12 3.9773221519000e+04 "ST_Thread" "P#0_T#781014880"
11 3.9773222653000e+04 "ST_Thread" "P#0_T#781014880" "STV_Blocked"
7 3.9773365548000e+04 "P#0_T#671086336" "CT_Thread" "P#0" "P#0_T#671086336"
10 3.9773365548000e+04 "ST_Thread" "P#0_T#671086336" "STV_Working"
7 3.9783986682000e+04 "P#0_T#633542400" "CT_Thread" "P#0" "P#0_T#633542400"
10 3.9783986682000e+04 "ST_Thread" "P#0_T#633542400" "STV_Working"
12 3.9794928720000e+04 "ST_Thread" "P#0_T#781014880"
11 3.9794930263000e+04 "ST_Thread" "P#0_T#781014880" "STV_Blocked"
12 3.9794973033000e+04 "ST_Thread" "P#0_T#781014880"
11 3.9794973930000e+04 "ST_Thread" "P#0_T#781014880" "STV_Blocked"
7 3.9795216859000e+04 "P#0_T#608368384" "CT_Thread" "P#0" "P#0_T#608368384"
10 3.9795216859000e+04 "ST_Thread" "P#0_T#608368384" "STV_Working"
7 3.9806417258000e+04 "P#0_T#583194368" "CT_Thread" "P#0" "P#0_T#583194368"
10 3.9806417258000e+04 "ST_Thread" "P#0_T#583194368" "STV_Working"
12 3.9816553218000e+04 "ST_Thread" "P#0_T#781014880"
11 3.9816554908000e+04 "ST_Thread" "P#0_T#781014880" "STV_Blocked"
12 3.9816596328000e+04 "ST_Thread" "P#0_T#781014880"
11 3.9816597395000e+04 "ST_Thread" "P#0_T#781014880" "STV_Blocked"
7 3.9816821615000e+04 "P#0_T#558020352" "CT_Thread" "P#0" "P#0_T#558020352"
10 3.9816821615000e+04 "ST_Thread" "P#0_T#558020352" "STV_Working"
7 3.9826486156000e+04 "P#0_T#532846336" "CT_Thread" "P#0" "P#0_T#532846336"
10 3.9826486156000e+04 "ST_Thread" "P#0_T#532846336" "STV_Working"
12 3.9837385362000e+04 "ST_Thread" "P#0_T#781014880"
11 3.9837386962000e+04 "ST_Thread" "P#0_T#781014880" "STV_Blocked"
12 3.9837425778000e+04 "ST_Thread" "P#0_T#781014880"
11 3.9837426742000e+04 "ST_Thread" "P#0_T#781014880" "STV_Blocked"
7 3.9837537439000e+04 "P#0_T#507672320" "CT_Thread" "P#0" "P#0_T#507672320"
10 3.9837537439000e+04 "ST_Thread" "P#0_T#507672320" "STV_Working"
7 3.9847025693000e+04 "P#0_T#482498304" "CT_Thread" "P#0" "P#0_T#482498304"
10 3.9847025693000e+04 "ST_Thread" "P#0_T#482498304" "STV_Working"
12 3.9857581301000e+04 "ST_Thread" "P#0_T#781014880"
11 3.9857582851000e+04 "ST_Thread" "P#0_T#781014880" "STV_Blocked"
12 3.9857627577000e+04 "ST_Thread" "P#0_T#781014880"
11 3.9857628624000e+04 "ST_Thread" "P#0_T#781014880" "STV_Blocked"
7 3.9857845243000e+04 "P#0_T#457324288" "CT_Thread" "P#0" "P#0_T#457324288"
10 3.9857845243000e+04 "ST_Thread" "P#0_T#457324288" "STV_Working"
7 3.9868444003000e+04 "P#0_T#432150272" "CT_Thread" "P#0" "P#0_T#432150272"
10 3.9868444003000e+04 "ST_Thread" "P#0_T#432150272" "STV_Working"
12 3.9879103469000e+04 "ST_Thread" "P#0_T#781014880"
11 3.9879104992000e+04 "ST_Thread" "P#0_T#781014880" "STV_Blocked"
12 3.9879142389000e+04 "ST_Thread" "P#0_T#781014880"
11 3.9879143376000e+04 "ST_Thread" "P#0_T#781014880" "STV_Blocked"
7 3.9879347941000e+04 "P#0_T#406976256" "CT_Thread" "P#0" "P#0_T#406976256"
10 3.9879347941000e+04 "ST_Thread" "P#0_T#406976256" "STV_Working"
7 3.9888345137000e+04 "P#0_T#381802240" "CT_Thread" "P#0" "P#0_T#381802240"
10 3.9888345137000e+04 "ST_Thread" "P#0_T#381802240" "STV_Working"
12 3.9898230666000e+04 "ST_Thread" "P#0_T#781014880"
11 3.9898232316000e+04 "ST_Thread" "P#0_T#781014880" "STV_Blocked"
12 3.9898269996000e+04 "ST_Thread" "P#0_T#781014880"
11 3.9898271016000e+04 "ST_Thread" "P#0_T#781014880" "STV_Blocked"
7 3.9898355883000e+04 "P#0_T#356628224" "CT_Thread" "P#0" "P#0_T#356628224"
10 3.9898355883000e+04 "ST_Thread" "P#0_T#356628224" "STV_Working"
7 3.9907874803000e+04 "P#0_T#331454208" "CT_Thread" "P#0" "P#0_T#331454208"
10 3.9907874803000e+04 "ST_Thread" "P#0_T#331454208" "STV_Working"
12 3.9918992393000e+04 "ST_Thread" "P#0_T#781014880"
11 3.9918994059000e+04 "ST_Thread" "P#0_T#781014880" "STV_Blocked"
12 3.9919037419000e+04 "ST_Thread" "P#0_T#781014880"
11 3.9919038369000e+04 "ST_Thread" "P#0_T#781014880" "STV_Blocked"
7 3.9919184816000e+04 "P#0_T#306280192" "CT_Thread" "P#0" "P#0_T#306280192"
10 3.9919184816000e+04 "ST_Thread" "P#0_T#306280192" "STV_Working"
7 3.9928290322000e+04 "P#0_T#281106176" "CT_Thread" "P#0" "P#0_T#281106176"
10 3.9928290322000e+04 "ST_Thread" "P#0_T#281106176" "STV_Working"
12 3.9938593486000e+04 "ST_Thread" "P#0_T#781014880"
11 3.9938595083000e+04 "ST_Thread" "P#0_T#781014880" "STV_Blocked"
12 3.9938636829000e+04 "ST_Thread" "P#0_T#781014880"
11 3.9938637763000e+04 "ST_Thread" "P#0_T#781014880" "STV_Blocked"
7 3.9938824149000e+04 "P#0_T#255932160" "CT_Thread" "P#0" "P#0_T#255932160"
10 3.9938824149000e+04 "ST_Thread" "P#0_T#255932160" "STV_Working"
7 3.9947861685000e+04 "P#0_T#230758144" "CT_Thread" "P#0" "P#0_T#230758144"
10 3.9947861685000e+04 "ST_Thread" "P#0_T#230758144" "STV_Working"
12 3.9957980698000e+04 "ST_Thread" "P#0_T#781014880"
11 3.9957982251000e+04 "ST_Thread" "P#0_T#781014880" "STV_Blocked"
12 3.9958020597000e+04 "ST_Thread" "P#0_T#781014880"
11 3.9958021711000e+04 "ST_Thread" "P#0_T#781014880" "STV_Blocked"
7 3.9958125040000e+04 "P#0_T#205584128" "CT_Thread" "P#0" "P#0_T#205584128"
10 3.9958125040000e+04 "ST_Thread" "P#0_T#205584128" "STV_Working"
7 3.9967296978000e+04 "P#0_T#180410112" "CT_Thread" "P#0" "P#0_T#180410112"
10 3.9967296978000e+04 "ST_Thread" "P#0_T#180410112" "STV_Working"
12 3.9978021029000e+04 "ST_Thread" "P#0_T#781014880"
11 3.9978022692000e+04 "ST_Thread" "P#0_T#781014880" "STV_Blocked"
12 3.9978062529000e+04 "ST_Thread" "P#0_T#781014880"
11 3.9978063479000e+04 "ST_Thread" "P#0_T#781014880" "STV_Blocked"
7 3.9978241923000e+04 "P#0_T#155236096" "CT_Thread" "P#0" "P#0_T#155236096"
10 3.9978241923000e+04 "ST_Thread" "P#0_T#155236096" "STV_Working"
7 3.9988567101000e+04 "P#0_T#130062080" "CT_Thread" "P#0" "P#0_T#130062080"
10 3.9988567101000e+04 "ST_Thread" "P#0_T#130062080" "STV_Working"
12 3.9999255397000e+04 "ST_Thread" "P#0_T#781014880"
11 3.9999256983000e+04 "ST_Thread" "P#0_T#781014880" "STV_Blocked"
12 3.9999295860000e+04 "ST_Thread" "P#0_T#781014880"
11 3.9999296687000e+04 "ST_Thread" "P#0_T#781014880" "STV_Blocked"
7 3.9999494189000e+04 "P#0_T#104888064" "CT_Thread" "P#0" "P#0_T#104888064"
10 3.9999494189000e+04 "ST_Thread" "P#0_T#104888064" "STV_Working"
7 4.0008204260000e+04 "P#0_T#79714048" "CT_Thread" "P#0" "P#0_T#79714048"
10 4.0008204260000e+04 "ST_Thread" "P#0_T#79714048" "STV_Working"
12 4.0018189545000e+04 "ST_Thread" "P#0_T#781014880"
11 4.0018191182000e+04 "ST_Thread" "P#0_T#781014880" "STV_Blocked"
12 4.0018238525000e+04 "ST_Thread" "P#0_T#781014880"
11 4.0018239528000e+04 "ST_Thread" "P#0_T#781014880" "STV_Blocked"
7 4.0018323901000e+04 "P#0_T#54540032" "CT_Thread" "P#0" "P#0_T#54540032"
10 4.0018323901000e+04 "ST_Thread" "P#0_T#54540032" "STV_Working"
7 4.0027674676000e+04 "P#0_T#29366016" "CT_Thread" "P#0" "P#0_T#29366016"
10 4.0027674676000e+04 "ST_Thread" "P#0_T#29366016" "STV_Working"
12 4.0038348157000e+04 "ST_Thread" "P#0_T#781014880"
11 4.0038349784000e+04 "ST_Thread" "P#0_T#781014880" "STV_Blocked"
12 4.0038387597000e+04 "ST_Thread" "P#0_T#781014880"
11 4.0038388520000e+04 "ST_Thread" "P#0_T#781014880" "STV_Blocked"
7 4.0038657114000e+04 "P#0_T#4192000" "CT_Thread" "P#0" "P#0_T#4192000"
10 4.0038657114000e+04 "ST_Thread" "P#0_T#4192000" "STV_Working"
7 4.0047264253000e+04 "P#0_T#4273985280" "CT_Thread" "P#0" "P#0_T#4273985280"
10 4.0047264253000e+04 "ST_Thread" "P#0_T#4273985280" "STV_Working"
12 4.0056883256000e+04 "ST_Thread" "P#0_T#781014880"
11 4.0056884866000e+04 "ST_Thread" "P#0_T#781014880" "STV_Blocked"
12 4.0056930859000e+04 "ST_Thread" "P#0_T#781014880"
11 4.0056931849000e+04 "ST_Thread" "P#0_T#781014880" "STV_Blocked"
7 4.0057101417000e+04 "P#0_T#4248811264" "CT_Thread" "P#0" "P#0_T#4248811264"
10 4.0057101417000e+04 "ST_Thread" "P#0_T#4248811264" "STV_Working"
7 4.0065848030000e+04 "P#0_T#4223637248" "CT_Thread" "P#0" "P#0_T#4223637248"
10 4.0065848030000e+04 "ST_Thread" "P#0_T#4223637248" "STV_Working"
12 4.0076863064000e+04 "ST_Thread" "P#0_T#781014880"
11 4.0076864820000e+04 "ST_Thread" "P#0_T#781014880" "STV_Blocked"
12 4.0076903727000e+04 "ST_Thread" "P#0_T#781014880"
11 4.0076904724000e+04 "ST_Thread" "P#0_T#781014880" "STV_Blocked"
7 4.0077006772000e+04 "P#0_T#4198463232" "CT_Thread" "P#0" "P#0_T#4198463232"
10 4.0077006772000e+04 "ST_Thread" "P#0_T#4198463232" "STV_Working"
7 4.0085760189000e+04 "P#0_T#4173289216" "CT_Thread" "P#0" "P#0_T#4173289216"
10 4.0085760189000e+04 "ST_Thread" "P#0_T#4173289216" "STV_Working"
12 4.0096989675000e+04 "ST_Thread" "P#0_T#781014880"
7 4.0097238323000e+04 "P#0_T#4148115200" "CT_Thread" "P#0" "P#0_T#4148115200"
10 4.0097238323000e+04 "ST_Thread" "P#0_T#4148115200" "STV_Working"
7 4.0107707713000e+04 "P#0_T#4122941184" "CT_Thread" "P#0" "P#0_T#4122941184"
10 4.0107707713000e+04 "ST_Thread" "P#0_T#4122941184" "STV_Working"
41 4.0107740192000e+04 "GOMP_Section_Link" "C_Prog" "P#0_T#1204111104" "p#0_section#1_thread#4" "0_1_4"
11 4.0107740192000e+04 "ST_Thread" "P#0_T#1204111104" "GOMP_Section_State"
11 4.0107753755000e+04 "ST_Thread" "P#0_T#1204111104" "GOMP_For"
41 4.0107754294000e+04 "GOMP_Section_Link" "C_Prog" "P#0_T#1246070528" "p#0_section#1_thread#1" "0_1_1"
11 4.0107754294000e+04 "ST_Thread" "P#0_T#1246070528" "GOMP_Section_State"
11 4.0107755217000e+04 "ST_Thread" "P#0_T#1246070528" "GOMP_For"
41 4.0107767781000e+04 "GOMP_Section_Link" "C_Prog" "P#0_T#1061459712" "p#0_section#1_thread#9" "0_1_9"
11 4.0107767781000e+04 "ST_Thread" "P#0_T#1061459712" "GOMP_Section_State"
41 4.0107767787000e+04 "GOMP_Section_Link" "C_Prog" "P#0_T#960763648" "p#0_section#1_thread#13" "0_1_13"
11 4.0107767787000e+04 "ST_Thread" "P#0_T#960763648" "GOMP_Section_State"
11 4.0107768904000e+04 "ST_Thread" "P#0_T#960763648" "GOMP_For"
11 4.0107768924000e+04 "ST_Thread" "P#0_T#1061459712" "GOMP_For"
41 4.0107783440000e+04 "GOMP_Section_Link" "C_Prog" "P#0_T#1162155776" "p#0_section#1_thread#5" "0_1_5"
11 4.0107783440000e+04 "ST_Thread" "P#0_T#1162155776" "GOMP_Section_State"
11 4.0107784517000e+04 "ST_Thread" "P#0_T#1162155776" "GOMP_For"
41 4.0107786894000e+04 "GOMP_Section_Link" "C_Prog" "P#0_T#1111807744" "p#0_section#1_thread#7" "0_1_7"
11 4.0107786894000e+04 "ST_Thread" "P#0_T#1111807744" "GOMP_Section_State"
41 4.0107787034000e+04 "GOMP_Section_Link" "C_Prog" "P#0_T#1011111680" "p#0_section#1_thread#11" "0_1_11"
11 4.0107787034000e+04 "ST_Thread" "P#0_T#1011111680" "GOMP_Section_State"
11 4.0107787890000e+04 "ST_Thread" "P#0_T#1111807744" "GOMP_For"
11 4.0107788197000e+04 "ST_Thread" "P#0_T#1011111680" "GOMP_For"
41 4.0107794414000e+04 "GOMP_Section_Link" "C_Prog" "P#0_T#834893568" "p#0_section#1_thread#18" "0_1_18"
11 4.0107794414000e+04 "ST_Thread" "P#0_T#834893568" "GOMP_Section_State"
11 4.0107795434000e+04 "ST_Thread" "P#0_T#834893568" "GOMP_For"
41 4.0107803484000e+04 "GOMP_Section_Link" "C_Prog" "P#0_T#641935104" "p#0_section#1_thread#21" "0_1_21"
11 4.0107803484000e+04 "ST_Thread" "P#0_T#641935104" "GOMP_Section_State"
11 4.0107804267000e+04 "ST_Thread" "P#0_T#641935104" "GOMP_For"
41 4.0107809390000e+04 "GOMP_Section_Link" "C_Prog" "P#0_T#558020352" "p#0_section#1_thread#26" "0_1_26"
11 4.0107809390000e+04 "ST_Thread" "P#0_T#558020352" "GOMP_Section_State"
11 4.0107810284000e+04 "ST_Thread" "P#0_T#558020352" "GOMP_For"
41 4.0107827992000e+04 "GOMP_Section_Link" "C_Prog" "P#0_T#1136981760" "p#0_section#1_thread#6" "0_1_6"
11 4.0107827992000e+04 "ST_Thread" "P#0_T#1136981760" "GOMP_Section_State"
11 4.0107828878000e+04 "ST_Thread" "P#0_T#1136981760" "GOMP_For"
41 4.0107860207000e+04 "GOMP_Section_Link" "C_Prog" "P#0_T#781014880" "p#0_section#1_thread#0" "0_1_0"
11 4.0107860207000e+04 "ST_Thread" "P#0_T#781014880" "GOMP_Section_State"
11 4.0107861014000e+04 "ST_Thread" "P#0_T#781014880" "GOMP_For"
41 4.0109165462000e+04 "GOMP_Section_Link" "C_Prog" "P#0_T#4192000" "p#0_section#1_thread#48" "0_1_48"
11 4.0109165462000e+04 "ST_Thread" "P#0_T#4192000" "GOMP_Section_State"
11 4.0109166662000e+04 "ST_Thread" "P#0_T#4192000" "GOMP_For"
41 4.0109174402000e+04 "GOMP_Section_Link" "C_Prog" "P#0_T#104888064" "p#0_section#1_thread#44" "0_1_44"
11 4.0109174402000e+04 "ST_Thread" "P#0_T#104888064" "GOMP_Section_State"
11 4.0109175262000e+04 "ST_Thread" "P#0_T#104888064" "GOMP_For"
41 4.0109187018000e+04 "GOMP_Section_Link" "C_Prog" "P#0_T#306280192" "p#0_section#1_thread#36" "0_1_36"
11 4.0109187018000e+04 "ST_Thread" "P#0_T#306280192" "GOMP_Section_State"
11 4.0109187855000e+04 "ST_Thread" "P#0_T#306280192" "GOMP_For"
41 4.0109196548000e+04 "GOMP_Section_Link" "C_Prog" "P#0_T#507672320" "p#0_section#1_thread#28" "0_1_28"
11 4.0109196548000e+04 "ST_Thread" "P#0_T#507672320" "GOMP_Section_State"
11 4.0109197402000e+04 "ST_Thread" "P#0_T#507672320" "GOMP_For"
41 4.0109204022000e+04 "GOMP_Section_Link" "C_Prog" "P#0_T#902022912" "p#0_section#1_thread#16" "0_1_16"
11 4.0109204022000e+04 "ST_Thread" "P#0_T#902022912" "GOMP_Section_State"
11 4.0109204888000e+04 "ST_Thread" "P#0_T#902022912" "GOMP_For"
41 4.0109230178000e+04 "GOMP_Section_Link" "C_Prog" "P#0_T#4248811264" "p#0_section#1_thread#50" "0_1_50"
11 4.0109230178000e+04 "ST_Thread" "P#0_T#4248811264" "GOMP_Section_State"
11 4.0109231045000e+04 "ST_Thread" "P#0_T#4248811264" "GOMP_For"
41 4.0109237478000e+04 "GOMP_Section_Link" "C_Prog" "P#0_T#54540032" "p#0_section#1_thread#46" "0_1_46"
11 4.0109237478000e+04 "ST_Thread" "P#0_T#54540032" "GOMP_Section_State"
11 4.0109238285000e+04 "ST_Thread" "P#0_T#54540032" "GOMP_For"
41 4.0109247135000e+04 "GOMP_Section_Link" "C_Prog" "P#0_T#255932160" "p#0_section#1_thread#38" "0_1_38"
11 4.0109247135000e+04 "ST_Thread" "P#0_T#255932160" "GOMP_Section_State"
11 4.0109247978000e+04 "ST_Thread" "P#0_T#255932160" "GOMP_For"
41 4.0109253102000e+04 "GOMP_Section_Link" "C_Prog" "P#0_T#4173289216" "p#0_section#1_thread#53" "0_1_53"
11 4.0109253102000e+04 "ST_Thread" "P#0_T#4173289216" "GOMP_Section_State"
11 4.0109253785000e+04 "ST_Thread" "P#0_T#4173289216" "GOMP_For"
41 4.0109254338000e+04 "GOMP_Section_Link" "C_Prog" "P#0_T#457324288" "p#0_section#1_thread#30" "0_1_30"
11 4.0109254338000e+04 "ST_Thread" "P#0_T#457324288" "GOMP_Section_State"
11 4.0109255132000e+04 "ST_Thread" "P#0_T#457324288" "GOMP_For"
41 4.0109273372000e+04 "GOMP_Section_Link" "C_Prog" "P#0_T#633542400" "p#0_section#1_thread#23" "0_1_23"
11 4.0109273372000e+04 "ST_Thread" "P#0_T#633542400" "GOMP_Section_State"
11 4.0109274542000e+04 "ST_Thread" "P#0_T#633542400" "GOMP_For"
41 4.0109281618000e+04 "GOMP_Section_Link" "C_Prog" "P#0_T#4198463232" "p#0_section#1_thread#52" "0_1_52"
11 4.0109281618000e+04 "ST_Thread" "P#0_T#4198463232" "GOMP_Section_State"
11 4.0109282442000e+04 "ST_Thread" "P#0_T#4198463232" "GOMP_For"
41 4.0109290018000e+04 "GOMP_Section_Link" "C_Prog" "P#0_T#205584128" "p#0_section#1_thread#40" "0_1_40"
11 4.0109290018000e+04 "ST_Thread" "P#0_T#205584128" "GOMP_Section_State"
11 4.0109290978000e+04 "ST_Thread" "P#0_T#205584128" "GOMP_For"
41 4.0109295118000e+04 "GOMP_Section_Link" "C_Prog" "P#0_T#406976256" "p#0_section#1_thread#32" "0_1_32"
11 4.0109295118000e+04 "ST_Thread" "P#0_T#406976256" "GOMP_Section_State"
11 4.0109295965000e+04 "ST_Thread" "P#0_T#406976256" "GOMP_For"
41 4.0109303008000e+04 "GOMP_Section_Link" "C_Prog" "P#0_T#784545536" "p#0_section#1_thread#20" "0_1_20"
11 4.0109303008000e+04 "ST_Thread" "P#0_T#784545536" "GOMP_Section_State"
11 4.0109303998000e+04 "ST_Thread" "P#0_T#784545536" "GOMP_For"
41 4.0109310698000e+04 "GOMP_Section_Link" "C_Prog" "P#0_T#1237677824" "p#0_section#1_thread#2" "0_1_2"
11 4.0109310698000e+04 "ST_Thread" "P#0_T#1237677824" "GOMP_Section_State"
11 4.0109311732000e+04 "ST_Thread" "P#0_T#1237677824" "GOMP_For"
41 4.0109328498000e+04 "GOMP_Section_Link" "C_Prog" "P#0_T#1229285120" "p#0_section#1_thread#3" "0_1_3"
11 4.0109328498000e+04 "ST_Thread" "P#0_T#1229285120" "GOMP_Section_State"
11 4.0109329595000e+04 "ST_Thread" "P#0_T#1229285120" "GOMP_For"
41 4.0109332652000e+04 "GOMP_Section_Link" "C_Prog" "P#0_T#4148115200" "p#0_section#1_thread#54" "0_1_54"
11 4.0109332652000e+04 "ST_Thread" "P#0_T#4148115200" "GOMP_Section_State"
11 4.0109333792000e+04 "ST_Thread" "P#0_T#4148115200" "GOMP_For"
41 4.0109341202000e+04 "GOMP_Section_Link" "C_Prog" "P#0_T#155236096" "p#0_section#1_thread#42" "0_1_42"
11 4.0109341202000e+04 "ST_Thread" "P#0_T#155236096" "GOMP_Section_State"
11 4.0109342185000e+04 "ST_Thread" "P#0_T#155236096" "GOMP_For"
41 4.0109349772000e+04 "GOMP_Section_Link" "C_Prog" "P#0_T#356628224" "p#0_section#1_thread#34" "0_1_34"
11 4.0109349772000e+04 "ST_Thread" "P#0_T#356628224" "GOMP_Section_State"
11 4.0109350818000e+04 "ST_Thread" "P#0_T#356628224" "GOMP_For"
41 4.0109357888000e+04 "GOMP_Section_Link" "C_Prog" "P#0_T#608368384" "p#0_section#1_thread#24" "0_1_24"
11 4.0109357888000e+04 "ST_Thread" "P#0_T#608368384" "GOMP_Section_State"
11 4.0109358795000e+04 "ST_Thread" "P#0_T#608368384" "GOMP_For"
41 4.0118240738000e+04 "GOMP_Section_Link" "C_Prog" "P#0_T#4223637248" "p#0_section#1_thread#51" "0_1_51"
11 4.0118240738000e+04 "ST_Thread" "P#0_T#4223637248" "GOMP_Section_State"
11 4.0118241288000e+04 "ST_Thread" "P#0_T#4223637248" "GOMP_For"
41 4.0118276604000e+04 "GOMP_Section_Link" "C_Prog" "P#0_T#1086633728" "p#0_section#1_thread#8" "0_1_8"
11 4.0118276604000e+04 "ST_Thread" "P#0_T#1086633728" "GOMP_Section_State"
11 4.0118277779000e+04 "ST_Thread" "P#0_T#1086633728" "GOMP_For"
41 4.0118775219000e+04 "GOMP_Section_Link" "C_Prog" "P#0_T#910415616" "p#0_section#1_thread#15" "0_1_15"
11 4.0118775219000e+04 "ST_Thread" "P#0_T#910415616" "GOMP_Section_State"
11 4.0118776116000e+04 "ST_Thread" "P#0_T#910415616" "GOMP_For"
41 4.0122367048000e+04 "GOMP_Section_Link" "C_Prog" "P#0_T#29366016" "p#0_section#1_thread#47" "0_1_47"
11 4.0122367048000e+04 "ST_Thread" "P#0_T#29366016" "GOMP_Section_State"
41 4.0122367055000e+04 "GOMP_Section_Link" "C_Prog" "P#0_T#180410112" "p#0_section#1_thread#41" "0_1_41"
11 4.0122367055000e+04 "ST_Thread" "P#0_T#180410112" "GOMP_Section_State"
11 4.0122368472000e+04 "ST_Thread" "P#0_T#29366016" "GOMP_For"
11 4.0122368482000e+04 "ST_Thread" "P#0_T#180410112" "GOMP_For"
41 4.0130235475000e+04 "GOMP_Section_Link" "C_Prog" "P#0_T#4273985280" "p#0_section#1_thread#49" "0_1_49"
11 4.0130235475000e+04 "ST_Thread" "P#0_T#4273985280" "GOMP_Section_State"
11 4.0130235926000e+04 "ST_Thread" "P#0_T#4273985280" "GOMP_For"
41 4.0130273978000e+04 "GOMP_Section_Link" "C_Prog" "P#0_T#1036285696" "p#0_section#1_thread#10" "0_1_10"
11 4.0130273978000e+04 "ST_Thread" "P#0_T#1036285696" "GOMP_Section_State"
11 4.0130277286000e+04 "ST_Thread" "P#0_T#1036285696" "GOMP_For"
41 4.0130418972000e+04 "GOMP_Section_Link" "C_Prog" "P#0_T#130062080" "p#0_section#1_thread#43" "0_1_43"
11 4.0130418972000e+04 "ST_Thread" "P#0_T#130062080" "GOMP_Section_State"
11 4.0130419879000e+04 "ST_Thread" "P#0_T#130062080" "GOMP_For"
41 4.0133418137000e+04 "GOMP_Section_Link" "C_Prog" "P#0_T#79714048" "p#0_section#1_thread#45" "0_1_45"
11 4.0133418137000e+04 "ST_Thread" "P#0_T#79714048" "GOMP_Section_State"
11 4.0133419244000e+04 "ST_Thread" "P#0_T#79714048" "GOMP_For"
41 4.0135371847000e+04 "GOMP_Section_Link" "C_Prog" "P#0_T#230758144" "p#0_section#1_thread#39" "0_1_39"
11 4.0135371847000e+04 "ST_Thread" "P#0_T#230758144" "GOMP_Section_State"
11 4.0135372484000e+04 "ST_Thread" "P#0_T#230758144" "GOMP_For"
41 4.0138196823000e+04 "GOMP_Section_Link" "C_Prog" "P#0_T#985937664" "p#0_section#1_thread#12" "0_1_12"
11 4.0138196823000e+04 "ST_Thread" "P#0_T#985937664" "GOMP_Section_State"
11 4.0138197923000e+04 "ST_Thread" "P#0_T#985937664" "GOMP_For"
41 4.0138338610000e+04 "GOMP_Section_Link" "C_Prog" "P#0_T#583194368" "p#0_section#1_thread#25" "0_1_25"
11 4.0138338610000e+04 "ST_Thread" "P#0_T#583194368" "GOMP_Section_State"
11 4.0138339392000e+04 "ST_Thread" "P#0_T#583194368" "GOMP_For"
41 4.0138342740000e+04 "GOMP_Section_Link" "C_Prog" "P#0_T#532846336" "p#0_section#1_thread#27" "0_1_27"
11 4.0138342740000e+04 "ST_Thread" "P#0_T#532846336" "GOMP_Section_State"
11 4.0138343189000e+04 "ST_Thread" "P#0_T#532846336" "GOMP_For"
41 4.0138350450000e+04 "GOMP_Section_Link" "C_Prog" "P#0_T#918808320" "p#0_section#1_thread#14" "0_1_14"
11 4.0138350450000e+04 "ST_Thread" "P#0_T#918808320" "GOMP_Section_State"
41 4.0138351393000e+04 "GOMP_Section_Link" "C_Prog" "P#0_T#876848896" "p#0_section#1_thread#17" "0_1_17"
11 4.0138351393000e+04 "ST_Thread" "P#0_T#876848896" "GOMP_Section_State"
11 4.0138351407000e+04 "ST_Thread" "P#0_T#918808320" "GOMP_For"
11 4.0138352343000e+04 "ST_Thread" "P#0_T#876848896" "GOMP_For"
41 4.0138358023000e+04 "GOMP_Section_Link" "C_Prog" "P#0_T#671086336" "p#0_section#1_thread#22" "0_1_22"
11 4.0138358023000e+04 "ST_Thread" "P#0_T#671086336" "GOMP_Section_State"
41 4.0138358313000e+04 "GOMP_Section_Link" "C_Prog" "P#0_T#809719552" "p#0_section#1_thread#19" "0_1_19"
11 4.0138358313000e+04 "ST_Thread" "P#0_T#809719552" "GOMP_Section_State"
11 4.0138359477000e+04 "ST_Thread" "P#0_T#671086336" "GOMP_For"
11 4.0138359637000e+04 "ST_Thread" "P#0_T#809719552" "GOMP_For"
41 4.0142355873000e+04 "GOMP_Section_Link" "C_Prog" "P#0_T#482498304" "p#0_section#1_thread#29" "0_1_29"
11 4.0142355873000e+04 "ST_Thread" "P#0_T#482498304" "GOMP_Section_State"
11 4.0142357056000e+04 "ST_Thread" "P#0_T#482498304" "GOMP_For"
41 4.0142363596000e+04 "GOMP_Section_Link" "C_Prog" "P#0_T#381802240" "p#0_section#1_thread#33" "0_1_33"
11 4.0142363596000e+04 "ST_Thread" "P#0_T#381802240" "GOMP_Section_State"
11 4.0142364306000e+04 "ST_Thread" "P#0_T#381802240" "GOMP_For"
41 4.0142364476000e+04 "GOMP_Section_Link" "C_Prog" "P#0_T#331454208" "p#0_section#1_thread#35" "0_1_35"
11 4.0142364476000e+04 "ST_Thread" "P#0_T#331454208" "GOMP_Section_State"
11 4.0142365610000e+04 "ST_Thread" "P#0_T#331454208" "GOMP_For"
41 4.0142371793000e+04 "GOMP_Section_Link" "C_Prog" "P#0_T#281106176" "p#0_section#1_thread#37" "0_1_37"
11 4.0142371793000e+04 "ST_Thread" "P#0_T#281106176" "GOMP_Section_State"
11 4.0142372510000e+04 "ST_Thread" "P#0_T#281106176" "GOMP_For"
41 4.0152991679000e+04 "GOMP_Section_Link" "C_Prog" "P#0_T#432150272" "p#0_section#1_thread#31" "0_1_31"
11 4.0152991679000e+04 "ST_Thread" "P#0_T#432150272" "GOMP_Section_State"
11 4.0152992556000e+04 "ST_Thread" "P#0_T#432150272" "GOMP_For"
41 4.0158276804000e+04 "GOMP_Section_Link" "C_Prog" "P#0_T#4122941184" "p#0_section#1_thread#55" "0_1_55"
11 4.0158276804000e+04 "ST_Thread" "P#0_T#4122941184" "GOMP_Section_State"
11 4.0158279752000e+04 "ST_Thread" "P#0_T#4122941184" "GOMP_For"
11 4.1485376188000e+04 "ST_Thread" "P#0_T#781014880" "GOMP_Implicit_Barrier"
11 4.1501690697000e+04 "ST_Thread" "P#0_T#583194368" "GOMP_Implicit_Barrier"
11 4.1520669328000e+04 "ST_Thread" "P#0_T#558020352" "GOMP_Implicit_Barrier"
11 4.1526728783000e+04 "ST_Thread" "P#0_T#1204111104" "GOMP_Implicit_Barrier"
11 4.1532576074000e+04 "ST_Thread" "P#0_T#1246070528" "GOMP_Implicit_Barrier"
11 4.1538362127000e+04 "ST_Thread" "P#0_T#641935104" "GOMP_Implicit_Barrier"
11 4.1539201393000e+04 "ST_Thread" "P#0_T#532846336" "GOMP_Implicit_Barrier"
11 4.1544125025000e+04 "ST_Thread" "P#0_T#1136981760" "GOMP_Implicit_Barrier"
11 4.1563460905000e+04 "ST_Thread" "P#0_T#4198463232" "GOMP_Implicit_Barrier"
11 4.1564178355000e+04 "ST_Thread" "P#0_T#306280192" "GOMP_Implicit_Barrier"
11 4.1565146415000e+04 "ST_Thread" "P#0_T#1061459712" "GOMP_Implicit_Barrier"
11 4.1565187780000e+04 "ST_Thread" "P#0_T#4192000" "GOMP_Implicit_Barrier"
11 4.1567275389000e+04 "ST_Thread" "P#0_T#507672320" "GOMP_Implicit_Barrier"
11 4.1567949836000e+04 "ST_Thread" "P#0_T#784545536" "GOMP_Implicit_Barrier"
11 4.1568777604000e+04 "ST_Thread" "P#0_T#4248811264" "GOMP_Implicit_Barrier"
11 4.1569957737000e+04 "ST_Thread" "P#0_T#985937664" "GOMP_Implicit_Barrier"
11 4.1570317992000e+04 "ST_Thread" "P#0_T#1011111680" "GOMP_Implicit_Barrier"
11 4.1572096664000e+04 "ST_Thread" "P#0_T#4148115200" "GOMP_Implicit_Barrier"
11 4.1572125086000e+04 "ST_Thread" "P#0_T#4223637248" "GOMP_Implicit_Barrier"
11 4.1572211384000e+04 "ST_Thread" "P#0_T#902022912" "GOMP_Implicit_Barrier"
11 4.1572644335000e+04 "ST_Thread" "P#0_T#671086336" "GOMP_Implicit_Barrier"
11 4.1572690663000e+04 "ST_Thread" "P#0_T#1237677824" "GOMP_Implicit_Barrier"
11 4.1572880204000e+04 "ST_Thread" "P#0_T#406976256" "GOMP_Implicit_Barrier"
11 4.1573940207000e+04 "ST_Thread" "P#0_T#255932160" "GOMP_Implicit_Barrier"
11 4.1574394460000e+04 "ST_Thread" "P#0_T#960763648" "GOMP_Implicit_Barrier"
11 4.1575299488000e+04 "ST_Thread" "P#0_T#54540032" "GOMP_Implicit_Barrier"
11 4.1575802169000e+04 "ST_Thread" "P#0_T#834893568" "GOMP_Implicit_Barrier"
11 4.1576672083000e+04 "ST_Thread" "P#0_T#876848896" "GOMP_Implicit_Barrier"
11 4.1576784040000e+04 "ST_Thread" "P#0_T#457324288" "GOMP_Implicit_Barrier"
11 4.1577087279000e+04 "ST_Thread" "P#0_T#356628224" "GOMP_Implicit_Barrier"
11 4.1577939501000e+04 "ST_Thread" "P#0_T#809719552" "GOMP_Implicit_Barrier"
11 4.1578180727000e+04 "ST_Thread" "P#0_T#155236096" "GOMP_Implicit_Barrier"
11 4.1579910415000e+04 "ST_Thread" "P#0_T#29366016" "GOMP_Implicit_Barrier"
11 4.1580836825000e+04 "ST_Thread" "P#0_T#918808320" "GOMP_Implicit_Barrier"
11 4.1581215350000e+04 "ST_Thread" "P#0_T#381802240" "GOMP_Implicit_Barrier"
11 4.1586618900000e+04 "ST_Thread" "P#0_T#432150272" "GOMP_Implicit_Barrier"
11 4.1586706459000e+04 "ST_Thread" "P#0_T#633542400" "GOMP_Implicit_Barrier"
11 4.1587082298000e+04 "ST_Thread" "P#0_T#608368384" "GOMP_Implicit_Barrier"
11 4.1587319217000e+04 "ST_Thread" "P#0_T#281106176" "GOMP_Implicit_Barrier"
11 4.1589060337000e+04 "ST_Thread" "P#0_T#910415616" "GOMP_Implicit_Barrier"
11 4.1590289967000e+04 "ST_Thread" "P#0_T#331454208" "GOMP_Implicit_Barrier"
11 4.1590337663000e+04 "ST_Thread" "P#0_T#4122941184" "GOMP_Implicit_Barrier"
11 4.1590859853000e+04 "ST_Thread" "P#0_T#205584128" "GOMP_Implicit_Barrier"
11 4.1590941500000e+04 "ST_Thread" "P#0_T#1162155776" "GOMP_Implicit_Barrier"
11 4.1591640426000e+04 "ST_Thread" "P#0_T#230758144" "GOMP_Implicit_Barrier"
11 4.1597410008000e+04 "ST_Thread" "P#0_T#482498304" "GOMP_Implicit_Barrier"
11 4.1597840072000e+04 "ST_Thread" "P#0_T#1086633728" "GOMP_Implicit_Barrier"
11 4.1601478628000e+04 "ST_Thread" "P#0_T#1111807744" "GOMP_Implicit_Barrier"
11 4.1603999064000e+04 "ST_Thread" "P#0_T#104888064" "GOMP_Implicit_Barrier"
11 4.1608052106000e+04 "ST_Thread" "P#0_T#1229285120" "GOMP_Implicit_Barrier"
11 4.1617083539000e+04 "ST_Thread" "P#0_T#130062080" "GOMP_Implicit_Barrier"
11 4.1622508592000e+04 "ST_Thread" "P#0_T#1036285696" "GOMP_Implicit_Barrier"
11 4.1625322452000e+04 "ST_Thread" "P#0_T#4273985280" "GOMP_Implicit_Barrier"
11 4.1625593285000e+04 "ST_Thread" "P#0_T#180410112" "GOMP_Implicit_Barrier"
11 4.1655042378000e+04 "ST_Thread" "P#0_T#79714048" "GOMP_Implicit_Barrier"
11 4.1657215410000e+04 "ST_Thread" "P#0_T#4173289216" "GOMP_Implicit_Barrier"
12 4.1657227035000e+04 "ST_Thread" "P#0_T#781014880"
12 4.1657228208000e+04 "ST_Thread" "P#0_T#583194368"
12 4.1657228565000e+04 "ST_Thread" "P#0_T#558020352"
12 4.1657231101000e+04 "ST_Thread" "P#0_T#781014880"
12 4.1657231111000e+04 "ST_Thread" "P#0_T#583194368"
12 4.1657231675000e+04 "ST_Thread" "P#0_T#558020352"
40 4.1657231985000e+04 "GOMP_Section_Link" "C_Prog" "P#0_T#781014880" "p#0_section#1_thread#0" "0_1_0_end"
12 4.1657231985000e+04 "ST_Thread" "P#0_T#781014880"
40 4.1657232008000e+04 "GOMP_Section_Link" "C_Prog" "P#0_T#583194368" "p#0_section#1_thread#25" "0_1_25_end"
12 4.1657232008000e+04 "ST_Thread" "P#0_T#583194368"
40 4.1657232388000e+04 "GOMP_Section_Link" "C_Prog" "P#0_T#558020352" "p#0_section#1_thread#26" "0_1_26_end"
12 4.1657232388000e+04 "ST_Thread" "P#0_T#558020352"
12 4.1657233875000e+04 "ST_Thread" "P#0_T#532846336"
12 4.1657234518000e+04 "ST_Thread" "P#0_T#532846336"
40 4.1657234998000e+04 "GOMP_Section_Link" "C_Prog" "P#0_T#532846336" "p#0_section#1_thread#27" "0_1_27_end"
12 4.1657234998000e+04 "ST_Thread" "P#0_T#532846336"
12 4.1657235671000e+04 "ST_Thread" "P#0_T#641935104"
12 4.1657236351000e+04 "ST_Thread" "P#0_T#641935104"
40 4.1657236851000e+04 "GOMP_Section_Link" "C_Prog" "P#0_T#641935104" "p#0_section#1_thread#21" "0_1_21_end"
12 4.1657236851000e+04 "ST_Thread" "P#0_T#641935104"
12 4.1657247484000e+04 "ST_Thread" "P#0_T#1204111104"
12 4.1657247886000e+04 "ST_Thread" "P#0_T#1204111104"
40 4.1657248155000e+04 "GOMP_Section_Link" "C_Prog" "P#0_T#1204111104" "p#0_section#1_thread#4" "0_1_4_end"
12 4.1657248155000e+04 "ST_Thread" "P#0_T#1204111104"
12 4.1657249537000e+04 "ST_Thread" "P#0_T#4223637248"
12 4.1657249956000e+04 "ST_Thread" "P#0_T#4223637248"
40 4.1657250227000e+04 "GOMP_Section_Link" "C_Prog" "P#0_T#4223637248" "p#0_section#1_thread#51" "0_1_51_end"
12 4.1657250227000e+04 "ST_Thread" "P#0_T#4223637248"
12 4.1657253901000e+04 "ST_Thread" "P#0_T#1246070528"
12 4.1657254251000e+04 "ST_Thread" "P#0_T#1246070528"
40 4.1657254448000e+04 "GOMP_Section_Link" "C_Prog" "P#0_T#1246070528" "p#0_section#1_thread#1" "0_1_1_end"
12 4.1657254448000e+04 "ST_Thread" "P#0_T#1246070528"
12 4.1657261192000e+04 "ST_Thread" "P#0_T#985937664"
12 4.1657261194000e+04 "ST_Thread" "P#0_T#1136981760"
12 4.1657261903000e+04 "ST_Thread" "P#0_T#1136981760"
12 4.1657261913000e+04 "ST_Thread" "P#0_T#985937664"
40 4.1657262213000e+04 "GOMP_Section_Link" "C_Prog" "P#0_T#985937664" "p#0_section#1_thread#12" "0_1_12_end"
12 4.1657262213000e+04 "ST_Thread" "P#0_T#985937664"
40 4.1657262222000e+04 "GOMP_Section_Link" "C_Prog" "P#0_T#1136981760" "p#0_section#1_thread#6" "0_1_6_end"
12 4.1657262222000e+04 "ST_Thread" "P#0_T#1136981760"
12 4.1657263991000e+04 "ST_Thread" "P#0_T#4192000"
12 4.1657264001000e+04 "ST_Thread" "P#0_T#4198463232"
12 4.1657265308000e+04 "ST_Thread" "P#0_T#4192000"
12 4.1657265451000e+04 "ST_Thread" "P#0_T#4198463232"
40 4.1657266345000e+04 "GOMP_Section_Link" "C_Prog" "P#0_T#4198463232" "p#0_section#1_thread#52" "0_1_52_end"
12 4.1657266345000e+04 "ST_Thread" "P#0_T#4198463232"
40 4.1657266355000e+04 "GOMP_Section_Link" "C_Prog" "P#0_T#4192000" "p#0_section#1_thread#48" "0_1_48_end"
12 4.1657266355000e+04 "ST_Thread" "P#0_T#4192000"
12 4.1657272463000e+04 "ST_Thread" "P#0_T#331454208"
12 4.1657272465000e+04 "ST_Thread" "P#0_T#281106176"
12 4.1657272922000e+04 "ST_Thread" "P#0_T#331454208"
12 4.1657272926000e+04 "ST_Thread" "P#0_T#281106176"
40 4.1657273268000e+04 "GOMP_Section_Link" "C_Prog" "P#0_T#331454208" "p#0_section#1_thread#35" "0_1_35_end"
12 4.1657273268000e+04 "ST_Thread" "P#0_T#331454208"
40 4.1657273271000e+04 "GOMP_Section_Link" "C_Prog" "P#0_T#281106176" "p#0_section#1_thread#37" "0_1_37_end"
12 4.1657273271000e+04 "ST_Thread" "P#0_T#281106176"
12 4.1657274556000e+04 "ST_Thread" "P#0_T#4122941184"
12 4.1657274806000e+04 "ST_Thread" "P#0_T#4122941184"
40 4.1657275045000e+04 "GOMP_Section_Link" "C_Prog" "P#0_T#4122941184" "p#0_section#1_thread#55" "0_1_55_end"
12 4.1657275045000e+04 "ST_Thread" "P#0_T#4122941184"
12 4.1657276905000e+04 "ST_Thread" "P#0_T#1061459712"
12 4.1657276915000e+04 "ST_Thread" "P#0_T#960763648"
12 4.1657277331000e+04 "ST_Thread" "P#0_T#306280192"
12 4.1657277865000e+04 "ST_Thread" "P#0_T#1061459712"
12 4.1657278115000e+04 "ST_Thread" "P#0_T#960763648"
12 4.1657278255000e+04 "ST_Thread" "P#0_T#1011111680"
12 4.1657278261000e+04 "ST_Thread" "P#0_T#834893568"
12 4.1657278371000e+04 "ST_Thread" "P#0_T#306280192"
40 4.1657278718000e+04 "GOMP_Section_Link" "C_Prog" "P#0_T#1061459712" "p#0_section#1_thread#9" "0_1_9_end"
12 4.1657278718000e+04 "ST_Thread" "P#0_T#1061459712"
40 4.1657278755000e+04 "GOMP_Section_Link" "C_Prog" "P#0_T#960763648" "p#0_section#1_thread#13" "0_1_13_end"
12 4.1657278755000e+04 "ST_Thread" "P#0_T#960763648"
12 4.1657278778000e+04 "ST_Thread" "P#0_T#230758144"
40 4.1657279078000e+04 "GOMP_Section_Link" "C_Prog" "P#0_T#306280192" "p#0_section#1_thread#36" "0_1_36_end"
12 4.1657279078000e+04 "ST_Thread" "P#0_T#306280192"
12 4.1657279088000e+04 "ST_Thread" "P#0_T#507672320"
12 4.1657279095000e+04 "ST_Thread" "P#0_T#784545536"
12 4.1657279361000e+04 "ST_Thread" "P#0_T#230758144"
12 4.1657279475000e+04 "ST_Thread" "P#0_T#834893568"
12 4.1657279491000e+04 "ST_Thread" "P#0_T#1011111680"
40 4.1657279848000e+04 "GOMP_Section_Link" "C_Prog" "P#0_T#230758144" "p#0_section#1_thread#39" "0_1_39_end"
12 4.1657279848000e+04 "ST_Thread" "P#0_T#230758144"
12 4.1657279911000e+04 "ST_Thread" "P#0_T#406976256"
12 4.1657280218000e+04 "ST_Thread" "P#0_T#507672320"
12 4.1657280315000e+04 "ST_Thread" "P#0_T#784545536"
40 4.1657280591000e+04 "GOMP_Section_Link" "C_Prog" "P#0_T#1011111680" "p#0_section#1_thread#11" "0_1_11_end"
12 4.1657280591000e+04 "ST_Thread" "P#0_T#1011111680"
40 4.1657280641000e+04 "GOMP_Section_Link" "C_Prog" "P#0_T#834893568" "p#0_section#1_thread#18" "0_1_18_end"
12 4.1657280641000e+04 "ST_Thread" "P#0_T#834893568"
40 4.1657281055000e+04 "GOMP_Section_Link" "C_Prog" "P#0_T#784545536" "p#0_section#1_thread#20" "0_1_20_end"
12 4.1657281055000e+04 "ST_Thread" "P#0_T#784545536"
40 4.1657281065000e+04 "GOMP_Section_Link" "C_Prog" "P#0_T#507672320" "p#0_section#1_thread#28" "0_1_28_end"
12 4.1657281065000e+04 "ST_Thread" "P#0_T#507672320"
12 4.1657281085000e+04 "ST_Thread" "P#0_T#406976256"
12 4.1657281468000e+04 "ST_Thread" "P#0_T#4248811264"
12 4.1657281475000e+04 "ST_Thread" "P#0_T#4148115200"
40 4.1657281625000e+04 "GOMP_Section_Link" "C_Prog" "P#0_T#406976256" "p#0_section#1_thread#32" "0_1_32_end"
12 4.1657281625000e+04 "ST_Thread" "P#0_T#406976256"
12 4.1657282548000e+04 "ST_Thread" "P#0_T#4148115200"
12 4.1657282661000e+04 "ST_Thread" "P#0_T#4248811264"
40 4.1657283355000e+04 "GOMP_Section_Link" "C_Prog" "P#0_T#4148115200" "p#0_section#1_thread#54" "0_1_54_end"
12 4.1657283355000e+04 "ST_Thread" "P#0_T#4148115200"
12 4.1657283468000e+04 "ST_Thread" "P#0_T#918808320"
12 4.1657283470000e+04 "ST_Thread" "P#0_T#876848896"
40 4.1657283515000e+04 "GOMP_Section_Link" "C_Prog" "P#0_T#4248811264" "p#0_section#1_thread#50" "0_1_50_end"
12 4.1657283515000e+04 "ST_Thread" "P#0_T#4248811264"
12 4.1657283565000e+04 "ST_Thread" "P#0_T#809719552"
12 4.1657283569000e+04 "ST_Thread" "P#0_T#671086336"
12 4.1657283864000e+04 "ST_Thread" "P#0_T#918808320"
12 4.1657283877000e+04 "ST_Thread" "P#0_T#876848896"
12 4.1657283908000e+04 "ST_Thread" "P#0_T#809719552"
12 4.1657284186000e+04 "ST_Thread" "P#0_T#4173289216"
40 4.1657284200000e+04 "GOMP_Section_Link" "C_Prog" "P#0_T#809719552" "p#0_section#1_thread#19" "0_1_19_end"
12 4.1657284200000e+04 "ST_Thread" "P#0_T#809719552"
40 4.1657284208000e+04 "GOMP_Section_Link" "C_Prog" "P#0_T#876848896" "p#0_section#1_thread#17" "0_1_17_end"
12 4.1657284208000e+04 "ST_Thread" "P#0_T#876848896"
40 4.1657284216000e+04 "GOMP_Section_Link" "C_Prog" "P#0_T#918808320" "p#0_section#1_thread#14" "0_1_14_end"
12 4.1657284216000e+04 "ST_Thread" "P#0_T#918808320"
12 4.1657284318000e+04 "ST_Thread" "P#0_T#671086336"
12 4.1657284400000e+04 "ST_Thread" "P#0_T#4173289216"
40 4.1657284602000e+04 "GOMP_Section_Link" "C_Prog" "P#0_T#671086336" "p#0_section#1_thread#22" "0_1_22_end"
12 4.1657284602000e+04 "ST_Thread" "P#0_T#671086336"
40 4.1657284646000e+04 "GOMP_Section_Link" "C_Prog" "P#0_T#4173289216" "p#0_section#1_thread#53" "0_1_53_end"
12 4.1657284646000e+04 "ST_Thread" "P#0_T#4173289216"
12 4.1657285990000e+04 "ST_Thread" "P#0_T#79714048"
12 4.1657286191000e+04 "ST_Thread" "P#0_T#79714048"
40 4.1657286371000e+04 "GOMP_Section_Link" "C_Prog" "P#0_T#79714048" "p#0_section#1_thread#45" "0_1_45_end"
12 4.1657286371000e+04 "ST_Thread" "P#0_T#79714048"
12 4.1657294709000e+04 "ST_Thread" "P#0_T#482498304"
12 4.1657294711000e+04 "ST_Thread" "P#0_T#381802240"
12 4.1657294968000e+04 "ST_Thread" "P#0_T#432150272"
12 4.1657294970000e+04 "ST_Thread" "P#0_T#29366016"
12 4.1657295076000e+04 "ST_Thread" "P#0_T#482498304"
12 4.1657295181000e+04 "ST_Thread" "P#0_T#381802240"
40 4.1657295406000e+04 "GOMP_Section_Link" "C_Prog" "P#0_T#482498304" "p#0_section#1_thread#29" "0_1_29_end"
12 4.1657295406000e+04 "ST_Thread" "P#0_T#482498304"
12 4.1657295427000e+04 "ST_Thread" "P#0_T#29366016"
12 4.1657295430000e+04 "ST_Thread" "P#0_T#432150272"
40 4.1657295481000e+04 "GOMP_Section_Link" "C_Prog" "P#0_T#381802240" "p#0_section#1_thread#33" "0_1_33_end"
12 4.1657295481000e+04 "ST_Thread" "P#0_T#381802240"
40 4.1657295763000e+04 "GOMP_Section_Link" "C_Prog" "P#0_T#432150272" "p#0_section#1_thread#31" "0_1_31_end"
12 4.1657295763000e+04 "ST_Thread" "P#0_T#432150272"
40 4.1657295765000e+04 "GOMP_Section_Link" "C_Prog" "P#0_T#29366016" "p#0_section#1_thread#47" "0_1_47_end"
12 4.1657295765000e+04 "ST_Thread" "P#0_T#29366016"
12 4.1657297708000e+04 "ST_Thread" "P#0_T#902022912"
12 4.1657298571000e+04 "ST_Thread" "P#0_T#902022912"
12 4.1657298655000e+04 "ST_Thread" "P#0_T#356628224"
12 4.1657298665000e+04 "ST_Thread" "P#0_T#255932160"
12 4.1657298871000e+04 "ST_Thread" "P#0_T#155236096"
12 4.1657298878000e+04 "ST_Thread" "P#0_T#54540032"
12 4.1657299075000e+04 "ST_Thread" "P#0_T#457324288"
12 4.1657299081000e+04 "ST_Thread" "P#0_T#608368384"
40 4.1657299201000e+04 "GOMP_Section_Link" "C_Prog" "P#0_T#902022912" "p#0_section#1_thread#16" "0_1_16_end"
12 4.1657299201000e+04 "ST_Thread" "P#0_T#902022912"
12 4.1657299801000e+04 "ST_Thread" "P#0_T#255932160"
12 4.1657299811000e+04 "ST_Thread" "P#0_T#356628224"
12 4.1657300001000e+04 "ST_Thread" "P#0_T#54540032"
12 4.1657300018000e+04 "ST_Thread" "P#0_T#155236096"
12 4.1657300301000e+04 "ST_Thread" "P#0_T#608368384"
12 4.1657300308000e+04 "ST_Thread" "P#0_T#457324288"
40 4.1657300641000e+04 "GOMP_Section_Link" "C_Prog" "P#0_T#255932160" "p#0_section#1_thread#38" "0_1_38_end"
12 4.1657300641000e+04 "ST_Thread" "P#0_T#255932160"
40 4.1657300655000e+04 "GOMP_Section_Link" "C_Prog" "P#0_T#356628224" "p#0_section#1_thread#34" "0_1_34_end"
12 4.1657300655000e+04 "ST_Thread" "P#0_T#356628224"
40 4.1657300888000e+04 "GOMP_Section_Link" "C_Prog" "P#0_T#54540032" "p#0_section#1_thread#46" "0_1_46_end"
12 4.1657300888000e+04 "ST_Thread" "P#0_T#54540032"
40 4.1657300921000e+04 "GOMP_Section_Link" "C_Prog" "P#0_T#155236096" "p#0_section#1_thread#42" "0_1_42_end"
12 4.1657300921000e+04 "ST_Thread" "P#0_T#155236096"
40 4.1657301175000e+04 "GOMP_Section_Link" "C_Prog" "P#0_T#608368384" "p#0_section#1_thread#24" "0_1_24_end"
12 4.1657301175000e+04 "ST_Thread" "P#0_T#608368384"
40 4.1657301241000e+04 "GOMP_Section_Link" "C_Prog" "P#0_T#457324288" "p#0_section#1_thread#30" "0_1_30_end"
12 4.1657301241000e+04 "ST_Thread" "P#0_T#457324288"
12 4.1657302685000e+04 "ST_Thread" "P#0_T#1162155776"
12 4.1657303095000e+04 "ST_Thread" "P#0_T#1237677824"
12 4.1657303525000e+04 "ST_Thread" "P#0_T#1162155776"
12 4.1657303531000e+04 "ST_Thread" "P#0_T#633542400"
12 4.1657303745000e+04 "ST_Thread" "P#0_T#1237677824"
40 4.1657304281000e+04 "GOMP_Section_Link" "C_Prog" "P#0_T#1237677824" "p#0_section#1_thread#2" "0_1_2_end"
12 4.1657304281000e+04 "ST_Thread" "P#0_T#1237677824"
40 4.1657304348000e+04 "GOMP_Section_Link" "C_Prog" "P#0_T#1162155776" "p#0_section#1_thread#5" "0_1_5_end"
12 4.1657304348000e+04 "ST_Thread" "P#0_T#1162155776"
12 4.1657304415000e+04 "ST_Thread" "P#0_T#633542400"
40 4.1657305201000e+04 "GOMP_Section_Link" "C_Prog" "P#0_T#633542400" "p#0_section#1_thread#23" "0_1_23_end"
12 4.1657305201000e+04 "ST_Thread" "P#0_T#633542400"
12 4.1657312943000e+04 "ST_Thread" "P#0_T#130062080"
12 4.1657312946000e+04 "ST_Thread" "P#0_T#1036285696"
12 4.1657313160000e+04 "ST_Thread" "P#0_T#4273985280"
12 4.1657313185000e+04 "ST_Thread" "P#0_T#180410112"
12 4.1657313368000e+04 "ST_Thread" "P#0_T#130062080"
12 4.1657313393000e+04 "ST_Thread" "P#0_T#1036285696"
12 4.1657313579000e+04 "ST_Thread" "P#0_T#4273985280"
12 4.1657313581000e+04 "ST_Thread" "P#0_T#180410112"
40 4.1657313716000e+04 "GOMP_Section_Link" "C_Prog" "P#0_T#130062080" "p#0_section#1_thread#43" "0_1_43_end"
12 4.1657313716000e+04 "ST_Thread" "P#0_T#130062080"
40 4.1657313726000e+04 "GOMP_Section_Link" "C_Prog" "P#0_T#1036285696" "p#0_section#1_thread#10" "0_1_10_end"
12 4.1657313726000e+04 "ST_Thread" "P#0_T#1036285696"
40 4.1657313881000e+04 "GOMP_Section_Link" "C_Prog" "P#0_T#180410112" "p#0_section#1_thread#41" "0_1_41_end"
12 4.1657313881000e+04 "ST_Thread" "P#0_T#180410112"
40 4.1657313892000e+04 "GOMP_Section_Link" "C_Prog" "P#0_T#4273985280" "p#0_section#1_thread#49" "0_1_49_end"
12 4.1657313892000e+04 "ST_Thread" "P#0_T#4273985280"
12 4.1657317265000e+04 "ST_Thread" "P#0_T#104888064"
12 4.1657317275000e+04 "ST_Thread" "P#0_T#205584128"
12 4.1657318038000e+04 "ST_Thread" "P#0_T#1086633728"
12 4.1657318045000e+04 "ST_Thread" "P#0_T#910415616"
12 4.1657318345000e+04 "ST_Thread" "P#0_T#104888064"
12 4.1657318415000e+04 "ST_Thread" "P#0_T#205584128"
12 4.1657319061000e+04 "ST_Thread" "P#0_T#1086633728"
12 4.1657319108000e+04 "ST_Thread" "P#0_T#910415616"
40 4.1657319205000e+04 "GOMP_Section_Link" "C_Prog" "P#0_T#205584128" "p#0_section#1_thread#40" "0_1_40_end"
12 4.1657319205000e+04 "ST_Thread" "P#0_T#205584128"
40 4.1657319215000e+04 "GOMP_Section_Link" "C_Prog" "P#0_T#104888064" "p#0_section#1_thread#44" "0_1_44_end"
12 4.1657319215000e+04 "ST_Thread" "P#0_T#104888064"
40 4.1657319985000e+04 "GOMP_Section_Link" "C_Prog" "P#0_T#1086633728" "p#0_section#1_thread#8" "0_1_8_end"
12 4.1657319985000e+04 "ST_Thread" "P#0_T#1086633728"
40 4.1657319991000e+04 "GOMP_Section_Link" "C_Prog" "P#0_T#910415616" "p#0_section#1_thread#15" "0_1_15_end"
12 4.1657319991000e+04 "ST_Thread" "P#0_T#910415616"
12 4.1657323928000e+04 "ST_Thread" "P#0_T#1111807744"
12 4.1657323934000e+04 "ST_Thread" "P#0_T#1229285120"
12 4.1657325078000e+04 "ST_Thread" "P#0_T#1229285120"
12 4.1657325084000e+04 "ST_Thread" "P#0_T#1111807744"
40 4.1657325978000e+04 "GOMP_Section_Link" "C_Prog" "P#0_T#1111807744" "p#0_section#1_thread#7" "0_1_7_end"
12 4.1657325978000e+04 "ST_Thread" "P#0_T#1111807744"
40 4.1657325994000e+04 "GOMP_Section_Link" "C_Prog" "P#0_T#1229285120" "p#0_section#1_thread#3" "0_1_3_end"
41 4.1657325994000e+04 "GOMP_Section_Link" "C_Prog" "P#0_T#781014880" "p#0_section#1_thread#0" "0_1_0_end"
41 4.1657325994000e+04 "GOMP_Section_Link" "C_Prog" "P#0_T#781014880" "p#0_section#1_thread#1" "0_1_1_end"
41 4.1657325994000e+04 "GOMP_Section_Link" "C_Prog" "P#0_T#781014880" "p#0_section#1_thread#2" "0_1_2_end"
41 4.1657325994000e+04 "GOMP_Section_Link" "C_Prog" "P#0_T#781014880" "p#0_section#1_thread#3" "0_1_3_end"
41 4.1657325994000e+04 "GOMP_Section_Link" "C_Prog" "P#0_T#781014880" "p#0_section#1_thread#4" "0_1_4_end"
41 4.1657325994000e+04 "GOMP_Section_Link" "C_Prog" "P#0_T#781014880" "p#0_section#1_thread#5" "0_1_5_end"
41 4.1657325994000e+04 "GOMP_Section_Link" "C_Prog" "P#0_T#781014880" "p#0_section#1_thread#6" "0_1_6_end"
41 4.1657325994000e+04 "GOMP_Section_Link" "C_Prog" "P#0_T#781014880" "p#0_section#1_thread#7" "0_1_7_end"
41 4.1657325994000e+04 "GOMP_Section_Link" "C_Prog" "P#0_T#781014880" "p#0_section#1_thread#8" "0_1_8_end"
41 4.1657325994000e+04 "GOMP_Section_Link" "C_Prog" "P#0_T#781014880" "p#0_section#1_thread#9" "0_1_9_end"
41 4.1657325994000e+04 "GOMP_Section_Link" "C_Prog" "P#0_T#781014880" "p#0_section#1_thread#10" "0_1_10_end"
41 4.1657325994000e+04 "GOMP_Section_Link" "C_Prog" "P#0_T#781014880" "p#0_section#1_thread#11" "0_1_11_end"
41 4.1657325994000e+04 "GOMP_Section_Link" "C_Prog" "P#0_T#781014880" "p#0_section#1_thread#12" "0_1_12_end"
41 4.1657325994000e+04 "GOMP_Section_Link" "C_Prog" "P#0_T#781014880" "p#0_section#1_thread#13" "0_1_13_end"
41 4.1657325994000e+04 "GOMP_Section_Link" "C_Prog" "P#0_T#781014880" "p#0_section#1_thread#14" "0_1_14_end"
41 4.1657325994000e+04 "GOMP_Section_Link" "C_Prog" "P#0_T#781014880" "p#0_section#1_thread#15" "0_1_15_end"
41 4.1657325994000e+04 "GOMP_Section_Link" "C_Prog" "P#0_T#781014880" "p#0_section#1_thread#16" "0_1_16_end"
41 4.1657325994000e+04 "GOMP_Section_Link" "C_Prog" "P#0_T#781014880" "p#0_section#1_thread#17" "0_1_17_end"
41 4.1657325994000e+04 "GOMP_Section_Link" "C_Prog" "P#0_T#781014880" "p#0_section#1_thread#18" "0_1_18_end"
41 4.1657325994000e+04 "GOMP_Section_Link" "C_Prog" "P#0_T#781014880" "p#0_section#1_thread#19" "0_1_19_end"
41 4.1657325994000e+04 "GOMP_Section_Link" "C_Prog" "P#0_T#781014880" "p#0_section#1_thread#20" "0_1_20_end"
41 4.1657325994000e+04 "GOMP_Section_Link" "C_Prog" "P#0_T#781014880" "p#0_section#1_thread#21" "0_1_21_end"
41 4.1657325994000e+04 "GOMP_Section_Link" "C_Prog" "P#0_T#781014880" "p#0_section#1_thread#22" "0_1_22_end"
41 4.1657325994000e+04 "GOMP_Section_Link" "C_Prog" "P#0_T#781014880" "p#0_section#1_thread#23" "0_1_23_end"
41 4.1657325994000e+04 "GOMP_Section_Link" "C_Prog" "P#0_T#781014880" "p#0_section#1_thread#24" "0_1_24_end"
41 4.1657325994000e+04 "GOMP_Section_Link" "C_Prog" "P#0_T#781014880" "p#0_section#1_thread#25" "0_1_25_end"
41 4.1657325994000e+04 "GOMP_Section_Link" "C_Prog" "P#0_T#781014880" "p#0_section#1_thread#26" "0_1_26_end"
41 4.1657325994000e+04 "GOMP_Section_Link" "C_Prog" "P#0_T#781014880" "p#0_section#1_thread#27" "0_1_27_end"
41 4.1657325994000e+04 "GOMP_Section_Link" "C_Prog" "P#0_T#781014880" "p#0_section#1_thread#28" "0_1_28_end"
41 4.1657325994000e+04 "GOMP_Section_Link" "C_Prog" "P#0_T#781014880" "p#0_section#1_thread#29" "0_1_29_end"
41 4.1657325994000e+04 "GOMP_Section_Link" "C_Prog" "P#0_T#781014880" "p#0_section#1_thread#30" "0_1_30_end"
41 4.1657325994000e+04 "GOMP_Section_Link" "C_Prog" "P#0_T#781014880" "p#0_section#1_thread#31" "0_1_31_end"
41 4.1657325994000e+04 "GOMP_Section_Link" "C_Prog" "P#0_T#781014880" "p#0_section#1_thread#32" "0_1_32_end"
41 4.1657325994000e+04 "GOMP_Section_Link" "C_Prog" "P#0_T#781014880" "p#0_section#1_thread#33" "0_1_33_end"
41 4.1657325994000e+04 "GOMP_Section_Link" "C_Prog" "P#0_T#781014880" "p#0_section#1_thread#34" "0_1_34_end"
41 4.1657325994000e+04 "GOMP_Section_Link" "C_Prog" "P#0_T#781014880" "p#0_section#1_thread#35" "0_1_35_end"
41 4.1657325994000e+04 "GOMP_Section_Link" "C_Prog" "P#0_T#781014880" "p#0_section#1_thread#36" "0_1_36_end"
41 4.1657325994000e+04 "GOMP_Section_Link" "C_Prog" "P#0_T#781014880" "p#0_section#1_thread#37" "0_1_37_end"
41 4.1657325994000e+04 "GOMP_Section_Link" "C_Prog" "P#0_T#781014880" "p#0_section#1_thread#38" "0_1_38_end"
41 4.1657325994000e+04 "GOMP_Section_Link" "C_Prog" "P#0_T#781014880" "p#0_section#1_thread#39" "0_1_39_end"
41 4.1657325994000e+04 "GOMP_Section_Link" "C_Prog" "P#0_T#781014880" "p#0_section#1_thread#40" "0_1_40_end"
41 4.1657325994000e+04 "GOMP_Section_Link" "C_Prog" "P#0_T#781014880" "p#0_section#1_thread#41" "0_1_41_end"
41 4.1657325994000e+04 "GOMP_Section_Link" "C_Prog" "P#0_T#781014880" "p#0_section#1_thread#42" "0_1_42_end"
41 4.1657325994000e+04 "GOMP_Section_Link" "C_Prog" "P#0_T#781014880" "p#0_section#1_thread#43" "0_1_43_end"
41 4.1657325994000e+04 "GOMP_Section_Link" "C_Prog" "P#0_T#781014880" "p#0_section#1_thread#44" "0_1_44_end"
41 4.1657325994000e+04 "GOMP_Section_Link" "C_Prog" "P#0_T#781014880" "p#0_section#1_thread#45" "0_1_45_end"
41 4.1657325994000e+04 "GOMP_Section_Link" "C_Prog" "P#0_T#781014880" "p#0_section#1_thread#46" "0_1_46_end"
41 4.1657325994000e+04 "GOMP_Section_Link" "C_Prog" "P#0_T#781014880" "p#0_section#1_thread#47" "0_1_47_end"
41 4.1657325994000e+04 "GOMP_Section_Link" "C_Prog" "P#0_T#781014880" "p#0_section#1_thread#48" "0_1_48_end"
41 4.1657325994000e+04 "GOMP_Section_Link" "C_Prog" "P#0_T#781014880" "p#0_section#1_thread#49" "0_1_49_end"
41 4.1657325994000e+04 "GOMP_Section_Link" "C_Prog" "P#0_T#781014880" "p#0_section#1_thread#50" "0_1_50_end"
41 4.1657325994000e+04 "GOMP_Section_Link" "C_Prog" "P#0_T#781014880" "p#0_section#1_thread#51" "0_1_51_end"
41 4.1657325994000e+04 "GOMP_Section_Link" "C_Prog" "P#0_T#781014880" "p#0_section#1_thread#52" "0_1_52_end"
41 4.1657325994000e+04 "GOMP_Section_Link" "C_Prog" "P#0_T#781014880" "p#0_section#1_thread#53" "0_1_53_end"
41 4.1657325994000e+04 "GOMP_Section_Link" "C_Prog" "P#0_T#781014880" "p#0_section#1_thread#54" "0_1_54_end"
41 4.1657325994000e+04 "GOMP_Section_Link" "C_Prog" "P#0_T#781014880" "p#0_section#1_thread#55" "0_1_55_end"
12 4.1657325994000e+04 "ST_Thread" "P#0_T#1229285120"
8 4.1682404385000e+04 "P#0_T#781014880" "CT_Thread"
